{"C:\\projects\\report-generator\\web\\App.tsx": {"path":"C:\\projects\\report-generator\\web\\App.tsx","statementMap":{"0":{"start":{"line":10,"column":27},"end":{"line":14,"column":null}},"1":{"start":{"line":16,"column":12},"end":{"line":424,"column":null}},"2":{"start":{"line":18,"column":36},"end":{"line":18,"column":null}},"3":{"start":{"line":21,"column":36},"end":{"line":21,"column":null}},"4":{"start":{"line":24,"column":36},"end":{"line":24,"column":null}},"5":{"start":{"line":25,"column":28},"end":{"line":25,"column":null}},"6":{"start":{"line":28,"column":38},"end":{"line":28,"column":null}},"7":{"start":{"line":31,"column":2},"end":{"line":53,"column":null}},"8":{"start":{"line":32,"column":6},"end":{"line":52,"column":null}},"9":{"start":{"line":34,"column":10},"end":{"line":41,"column":null}},"10":{"start":{"line":35,"column":29},"end":{"line":35,"column":null}},"11":{"start":{"line":36,"column":14},"end":{"line":36,"column":null}},"12":{"start":{"line":37,"column":14},"end":{"line":37,"column":null}},"13":{"start":{"line":39,"column":14},"end":{"line":39,"column":null}},"14":{"start":{"line":40,"column":14},"end":{"line":40,"column":null}},"15":{"start":{"line":44,"column":10},"end":{"line":51,"column":null}},"16":{"start":{"line":45,"column":34},"end":{"line":45,"column":null}},"17":{"start":{"line":46,"column":14},"end":{"line":46,"column":null}},"18":{"start":{"line":47,"column":14},"end":{"line":47,"column":null}},"19":{"start":{"line":49,"column":14},"end":{"line":49,"column":null}},"20":{"start":{"line":50,"column":14},"end":{"line":50,"column":null}},"21":{"start":{"line":57,"column":46},"end":{"line":57,"column":null}},"22":{"start":{"line":60,"column":30},"end":{"line":70,"column":null}},"23":{"start":{"line":61,"column":6},"end":{"line":69,"column":null}},"24":{"start":{"line":62,"column":24},"end":{"line":62,"column":null}},"25":{"start":{"line":63,"column":10},"end":{"line":63,"column":null}},"26":{"start":{"line":63,"column":33},"end":{"line":63,"column":49}},"27":{"start":{"line":64,"column":10},"end":{"line":64,"column":null}},"28":{"start":{"line":66,"column":10},"end":{"line":66,"column":null}},"29":{"start":{"line":67,"column":10},"end":{"line":67,"column":null}},"30":{"start":{"line":68,"column":10},"end":{"line":68,"column":null}},"31":{"start":{"line":72,"column":33},"end":{"line":82,"column":null}},"32":{"start":{"line":73,"column":6},"end":{"line":81,"column":null}},"33":{"start":{"line":74,"column":26},"end":{"line":74,"column":null}},"34":{"start":{"line":75,"column":10},"end":{"line":75,"column":null}},"35":{"start":{"line":75,"column":33},"end":{"line":75,"column":81}},"36":{"start":{"line":75,"column":47},"end":{"line":75,"column":80}},"37":{"start":{"line":76,"column":10},"end":{"line":76,"column":null}},"38":{"start":{"line":78,"column":10},"end":{"line":78,"column":null}},"39":{"start":{"line":79,"column":10},"end":{"line":79,"column":null}},"40":{"start":{"line":80,"column":10},"end":{"line":80,"column":null}},"41":{"start":{"line":84,"column":33},"end":{"line":93,"column":null}},"42":{"start":{"line":85,"column":6},"end":{"line":92,"column":null}},"43":{"start":{"line":86,"column":10},"end":{"line":86,"column":null}},"44":{"start":{"line":87,"column":10},"end":{"line":87,"column":null}},"45":{"start":{"line":87,"column":33},"end":{"line":87,"column":62}},"46":{"start":{"line":87,"column":50},"end":{"line":87,"column":61}},"47":{"start":{"line":89,"column":10},"end":{"line":89,"column":null}},"48":{"start":{"line":90,"column":10},"end":{"line":90,"column":null}},"49":{"start":{"line":91,"column":10},"end":{"line":91,"column":null}},"50":{"start":{"line":95,"column":27},"end":{"line":125,"column":null}},"51":{"start":{"line":97,"column":21},"end":{"line":97,"column":null}},"52":{"start":{"line":97,"column":39},"end":{"line":97,"column":57}},"53":{"start":{"line":100,"column":4},"end":{"line":103,"column":null}},"54":{"start":{"line":101,"column":8},"end":{"line":101,"column":null}},"55":{"start":{"line":102,"column":8},"end":{"line":102,"column":null}},"56":{"start":{"line":105,"column":25},"end":{"line":109,"column":null}},"57":{"start":{"line":111,"column":4},"end":{"line":124,"column":null}},"58":{"start":{"line":112,"column":8},"end":{"line":118,"column":null}},"59":{"start":{"line":113,"column":28},"end":{"line":113,"column":null}},"60":{"start":{"line":114,"column":12},"end":{"line":114,"column":null}},"61":{"start":{"line":114,"column":40},"end":{"line":114,"column":72}},"62":{"start":{"line":116,"column":28},"end":{"line":116,"column":null}},"63":{"start":{"line":117,"column":12},"end":{"line":117,"column":null}},"64":{"start":{"line":119,"column":8},"end":{"line":119,"column":null}},"65":{"start":{"line":121,"column":8},"end":{"line":121,"column":null}},"66":{"start":{"line":122,"column":8},"end":{"line":122,"column":null}},"67":{"start":{"line":123,"column":8},"end":{"line":123,"column":null}},"68":{"start":{"line":127,"column":27},"end":{"line":130,"column":null}},"69":{"start":{"line":128,"column":4},"end":{"line":128,"column":null}},"70":{"start":{"line":129,"column":4},"end":{"line":129,"column":null}},"71":{"start":{"line":132,"column":27},"end":{"line":135,"column":null}},"72":{"start":{"line":133,"column":6},"end":{"line":133,"column":null}},"73":{"start":{"line":134,"column":6},"end":{"line":134,"column":null}},"74":{"start":{"line":137,"column":29},"end":{"line":153,"column":null}},"75":{"start":{"line":138,"column":21},"end":{"line":138,"column":null}},"76":{"start":{"line":138,"column":39},"end":{"line":138,"column":50}},"77":{"start":{"line":139,"column":6},"end":{"line":152,"column":null}},"78":{"start":{"line":140,"column":10},"end":{"line":149,"column":null}},"79":{"start":{"line":141,"column":12},"end":{"line":148,"column":null}},"80":{"start":{"line":142,"column":16},"end":{"line":142,"column":null}},"81":{"start":{"line":143,"column":16},"end":{"line":143,"column":null}},"82":{"start":{"line":143,"column":47},"end":{"line":143,"column":58}},"83":{"start":{"line":145,"column":16},"end":{"line":145,"column":null}},"84":{"start":{"line":146,"column":16},"end":{"line":146,"column":null}},"85":{"start":{"line":147,"column":16},"end":{"line":147,"column":null}},"86":{"start":{"line":151,"column":10},"end":{"line":151,"column":null}},"87":{"start":{"line":156,"column":26},"end":{"line":158,"column":null}},"88":{"start":{"line":157,"column":6},"end":{"line":157,"column":null}},"89":{"start":{"line":161,"column":24},"end":{"line":358,"column":null}},"90":{"start":{"line":162,"column":4},"end":{"line":357,"column":null}},"91":{"start":{"line":164,"column":26},"end":{"line":164,"column":null}},"92":{"start":{"line":164,"column":46},"end":{"line":164,"column":74}},"93":{"start":{"line":165,"column":26},"end":{"line":165,"column":null}},"94":{"start":{"line":165,"column":46},"end":{"line":165,"column":64}},"95":{"start":{"line":167,"column":8},"end":{"line":219,"column":null}},"96":{"start":{"line":198,"column":37},"end":{"line":198,"column":94}},"97":{"start":{"line":201,"column":25},"end":{"line":212,"column":null}},"98":{"start":{"line":201,"column":56},"end":{"line":201,"column":80}},"99":{"start":{"line":222,"column":8},"end":{"line":228,"column":null}},"100":{"start":{"line":230,"column":8},"end":{"line":235,"column":null}},"101":{"start":{"line":233,"column":28},"end":{"line":233,"column":null}},"102":{"start":{"line":234,"column":64},"end":{"line":234,"column":89}},"103":{"start":{"line":237,"column":20},"end":{"line":237,"column":null}},"104":{"start":{"line":237,"column":38},"end":{"line":237,"column":63}},"105":{"start":{"line":238,"column":10},"end":{"line":238,"column":null}},"106":{"start":{"line":238,"column":18},"end":{"line":238,"column":null}},"107":{"start":{"line":240,"column":49},"end":{"line":260,"column":null}},"108":{"start":{"line":242,"column":14},"end":{"line":259,"column":null}},"109":{"start":{"line":243,"column":33},"end":{"line":250,"column":null}},"110":{"start":{"line":252,"column":32},"end":{"line":252,"column":null}},"111":{"start":{"line":253,"column":18},"end":{"line":255,"column":null}},"112":{"start":{"line":254,"column":22},"end":{"line":254,"column":null}},"113":{"start":{"line":254,"column":41},"end":{"line":254,"column":116}},"114":{"start":{"line":254,"column":57},"end":{"line":254,"column":115}},"115":{"start":{"line":257,"column":18},"end":{"line":257,"column":null}},"116":{"start":{"line":258,"column":18},"end":{"line":258,"column":null}},"117":{"start":{"line":262,"column":10},"end":{"line":262,"column":null}},"118":{"start":{"line":262,"column":76},"end":{"line":262,"column":99}},"119":{"start":{"line":262,"column":116},"end":{"line":262,"column":143}},"120":{"start":{"line":266,"column":32},"end":{"line":270,"column":null}},"121":{"start":{"line":267,"column":12},"end":{"line":267,"column":null}},"122":{"start":{"line":267,"column":41},"end":{"line":267,"column":null}},"123":{"start":{"line":269,"column":12},"end":{"line":269,"column":null}},"124":{"start":{"line":272,"column":8},"end":{"line":355,"column":null}},"125":{"start":{"line":277,"column":41},"end":{"line":277,"column":68}},"126":{"start":{"line":277,"column":68},"end":{"line":277,"column":95}},"127":{"start":{"line":287,"column":39},"end":{"line":287,"column":null}},"128":{"start":{"line":293,"column":39},"end":{"line":293,"column":null}},"129":{"start":{"line":313,"column":43},"end":{"line":313,"column":null}},"130":{"start":{"line":313,"column":65},"end":{"line":313,"column":93}},"131":{"start":{"line":314,"column":46},"end":{"line":314,"column":null}},"132":{"start":{"line":314,"column":67},"end":{"line":314,"column":90}},"133":{"start":{"line":315,"column":48},"end":{"line":315,"column":null}},"134":{"start":{"line":317,"column":32},"end":{"line":344,"column":null}},"135":{"start":{"line":319,"column":114},"end":{"line":319,"column":null}},"136":{"start":{"line":336,"column":67},"end":{"line":336,"column":96}},"137":{"start":{"line":339,"column":75},"end":{"line":339,"column":104}},"138":{"start":{"line":340,"column":75},"end":{"line":340,"column":106}},"139":{"start":{"line":360,"column":2},"end":{"line":422,"column":null}},"140":{"start":{"line":377,"column":37},"end":{"line":377,"column":null}},"141":{"start":{"line":377,"column":58},"end":{"line":377,"column":81}},"142":{"start":{"line":378,"column":24},"end":{"line":378,"column":null}},"143":{"start":{"line":378,"column":33},"end":{"line":378,"column":null}},"144":{"start":{"line":383,"column":24},"end":{"line":383,"column":null}},"145":{"start":{"line":393,"column":35},"end":{"line":393,"column":64}},"146":{"start":{"line":396,"column":35},"end":{"line":396,"column":66}},"147":{"start":{"line":399,"column":35},"end":{"line":399,"column":62}},"148":{"start":{"line":406,"column":58},"end":{"line":406,"column":62}}},"fnMap":{"0":{"name":"(anonymous_0)","decl":{"start":{"line":16,"column":12},"end":{"line":16,"column":18}},"loc":{"start":{"line":16,"column":18},"end":{"line":424,"column":null}},"line":16},"1":{"name":"(anonymous_1)","decl":{"start":{"line":31,"column":12},"end":{"line":31,"column":18}},"loc":{"start":{"line":31,"column":18},"end":{"line":53,"column":5}},"line":31},"2":{"name":"(anonymous_2)","decl":{"start":{"line":32,"column":7},"end":{"line":32,"column":19}},"loc":{"start":{"line":32,"column":19},"end":{"line":52,"column":9}},"line":32},"3":{"name":"(anonymous_3)","decl":{"start":{"line":60,"column":30},"end":{"line":60,"column":37}},"loc":{"start":{"line":60,"column":56},"end":{"line":70,"column":null}},"line":60},"4":{"name":"(anonymous_4)","decl":{"start":{"line":63,"column":25},"end":{"line":63,"column":33}},"loc":{"start":{"line":63,"column":33},"end":{"line":63,"column":49}},"line":63},"5":{"name":"(anonymous_5)","decl":{"start":{"line":72,"column":33},"end":{"line":72,"column":40}},"loc":{"start":{"line":72,"column":59},"end":{"line":82,"column":null}},"line":72},"6":{"name":"(anonymous_6)","decl":{"start":{"line":75,"column":25},"end":{"line":75,"column":33}},"loc":{"start":{"line":75,"column":33},"end":{"line":75,"column":81}},"line":75},"7":{"name":"(anonymous_7)","decl":{"start":{"line":75,"column":42},"end":{"line":75,"column":47}},"loc":{"start":{"line":75,"column":47},"end":{"line":75,"column":80}},"line":75},"8":{"name":"(anonymous_8)","decl":{"start":{"line":84,"column":33},"end":{"line":84,"column":40}},"loc":{"start":{"line":84,"column":55},"end":{"line":93,"column":null}},"line":84},"9":{"name":"(anonymous_9)","decl":{"start":{"line":87,"column":25},"end":{"line":87,"column":33}},"loc":{"start":{"line":87,"column":33},"end":{"line":87,"column":62}},"line":87},"10":{"name":"(anonymous_10)","decl":{"start":{"line":87,"column":45},"end":{"line":87,"column":50}},"loc":{"start":{"line":87,"column":50},"end":{"line":87,"column":61}},"line":87},"11":{"name":"(anonymous_11)","decl":{"start":{"line":95,"column":27},"end":{"line":95,"column":34}},"loc":{"start":{"line":95,"column":59},"end":{"line":125,"column":null}},"line":95},"12":{"name":"(anonymous_12)","decl":{"start":{"line":97,"column":34},"end":{"line":97,"column":39}},"loc":{"start":{"line":97,"column":39},"end":{"line":97,"column":57}},"line":97},"13":{"name":"(anonymous_13)","decl":{"start":{"line":114,"column":35},"end":{"line":114,"column":40}},"loc":{"start":{"line":114,"column":40},"end":{"line":114,"column":72}},"line":114},"14":{"name":"(anonymous_14)","decl":{"start":{"line":127,"column":27},"end":{"line":127,"column":28}},"loc":{"start":{"line":127,"column":43},"end":{"line":130,"column":null}},"line":127},"15":{"name":"(anonymous_15)","decl":{"start":{"line":132,"column":27},"end":{"line":132,"column":28}},"loc":{"start":{"line":132,"column":43},"end":{"line":135,"column":null}},"line":132},"16":{"name":"(anonymous_16)","decl":{"start":{"line":137,"column":29},"end":{"line":137,"column":36}},"loc":{"start":{"line":137,"column":51},"end":{"line":153,"column":null}},"line":137},"17":{"name":"(anonymous_17)","decl":{"start":{"line":138,"column":34},"end":{"line":138,"column":39}},"loc":{"start":{"line":138,"column":39},"end":{"line":138,"column":50}},"line":138},"18":{"name":"(anonymous_18)","decl":{"start":{"line":143,"column":42},"end":{"line":143,"column":47}},"loc":{"start":{"line":143,"column":47},"end":{"line":143,"column":58}},"line":143},"19":{"name":"(anonymous_19)","decl":{"start":{"line":156,"column":26},"end":{"line":156,"column":27}},"loc":{"start":{"line":156,"column":52},"end":{"line":158,"column":null}},"line":156},"20":{"name":"(anonymous_20)","decl":{"start":{"line":161,"column":24},"end":{"line":161,"column":30}},"loc":{"start":{"line":161,"column":30},"end":{"line":358,"column":null}},"line":161},"21":{"name":"(anonymous_21)","decl":{"start":{"line":164,"column":41},"end":{"line":164,"column":46}},"loc":{"start":{"line":164,"column":46},"end":{"line":164,"column":74}},"line":164},"22":{"name":"(anonymous_22)","decl":{"start":{"line":165,"column":41},"end":{"line":165,"column":46}},"loc":{"start":{"line":165,"column":46},"end":{"line":165,"column":64}},"line":165},"23":{"name":"(anonymous_23)","decl":{"start":{"line":198,"column":32},"end":{"line":198,"column":37}},"loc":{"start":{"line":198,"column":37},"end":{"line":198,"column":94}},"line":198},"24":{"name":"(anonymous_24)","decl":{"start":{"line":200,"column":29},"end":{"line":200,"column":null}},"loc":{"start":{"line":201,"column":25},"end":{"line":212,"column":null}},"line":201},"25":{"name":"(anonymous_25)","decl":{"start":{"line":201,"column":50},"end":{"line":201,"column":56}},"loc":{"start":{"line":201,"column":56},"end":{"line":201,"column":80}},"line":201},"26":{"name":"(anonymous_26)","decl":{"start":{"line":233,"column":22},"end":{"line":233,"column":28}},"loc":{"start":{"line":233,"column":28},"end":{"line":233,"column":null}},"line":233},"27":{"name":"(anonymous_27)","decl":{"start":{"line":234,"column":59},"end":{"line":234,"column":64}},"loc":{"start":{"line":234,"column":64},"end":{"line":234,"column":89}},"line":234},"28":{"name":"(anonymous_28)","decl":{"start":{"line":237,"column":33},"end":{"line":237,"column":38}},"loc":{"start":{"line":237,"column":38},"end":{"line":237,"column":63}},"line":237},"29":{"name":"(anonymous_29)","decl":{"start":{"line":240,"column":49},"end":{"line":240,"column":56}},"loc":{"start":{"line":240,"column":75},"end":{"line":260,"column":null}},"line":240},"30":{"name":"(anonymous_30)","decl":{"start":{"line":254,"column":33},"end":{"line":254,"column":41}},"loc":{"start":{"line":254,"column":41},"end":{"line":254,"column":116}},"line":254},"31":{"name":"(anonymous_31)","decl":{"start":{"line":254,"column":50},"end":{"line":254,"column":57}},"loc":{"start":{"line":254,"column":57},"end":{"line":254,"column":115}},"line":254},"32":{"name":"(anonymous_32)","decl":{"start":{"line":262,"column":71},"end":{"line":262,"column":76}},"loc":{"start":{"line":262,"column":76},"end":{"line":262,"column":99}},"line":262},"33":{"name":"(anonymous_33)","decl":{"start":{"line":262,"column":110},"end":{"line":262,"column":116}},"loc":{"start":{"line":262,"column":116},"end":{"line":262,"column":143}},"line":262},"34":{"name":"(anonymous_34)","decl":{"start":{"line":266,"column":47},"end":{"line":266,"column":52}},"loc":{"start":{"line":266,"column":52},"end":{"line":270,"column":9}},"line":266},"35":{"name":"(anonymous_35)","decl":{"start":{"line":277,"column":33},"end":{"line":277,"column":39}},"loc":{"start":{"line":277,"column":39},"end":{"line":277,"column":null}},"line":277},"36":{"name":"(anonymous_36)","decl":{"start":{"line":287,"column":33},"end":{"line":287,"column":39}},"loc":{"start":{"line":287,"column":39},"end":{"line":287,"column":null}},"line":287},"37":{"name":"(anonymous_37)","decl":{"start":{"line":293,"column":33},"end":{"line":293,"column":39}},"loc":{"start":{"line":293,"column":39},"end":{"line":293,"column":null}},"line":293},"38":{"name":"(anonymous_38)","decl":{"start":{"line":312,"column":49},"end":{"line":312,"column":59}},"loc":{"start":{"line":312,"column":59},"end":{"line":346,"column":29}},"line":312},"39":{"name":"(anonymous_39)","decl":{"start":{"line":313,"column":60},"end":{"line":313,"column":65}},"loc":{"start":{"line":313,"column":65},"end":{"line":313,"column":93}},"line":313},"40":{"name":"(anonymous_40)","decl":{"start":{"line":314,"column":62},"end":{"line":314,"column":67}},"loc":{"start":{"line":314,"column":67},"end":{"line":314,"column":90}},"line":314},"41":{"name":"(anonymous_41)","decl":{"start":{"line":319,"column":108},"end":{"line":319,"column":114}},"loc":{"start":{"line":319,"column":114},"end":{"line":319,"column":null}},"line":319},"42":{"name":"(anonymous_42)","decl":{"start":{"line":336,"column":61},"end":{"line":336,"column":67}},"loc":{"start":{"line":336,"column":67},"end":{"line":336,"column":96}},"line":336},"43":{"name":"(anonymous_43)","decl":{"start":{"line":339,"column":69},"end":{"line":339,"column":75}},"loc":{"start":{"line":339,"column":75},"end":{"line":339,"column":104}},"line":339},"44":{"name":"(anonymous_44)","decl":{"start":{"line":340,"column":69},"end":{"line":340,"column":75}},"loc":{"start":{"line":340,"column":75},"end":{"line":340,"column":106}},"line":340},"45":{"name":"(anonymous_45)","decl":{"start":{"line":376,"column":30},"end":{"line":376,"column":31}},"loc":{"start":{"line":376,"column":37},"end":{"line":379,"column":null}},"line":376},"46":{"name":"(anonymous_46)","decl":{"start":{"line":377,"column":53},"end":{"line":377,"column":58}},"loc":{"start":{"line":377,"column":58},"end":{"line":377,"column":81}},"line":377},"47":{"name":"(anonymous_47)","decl":{"start":{"line":382,"column":36},"end":{"line":382,"column":null}},"loc":{"start":{"line":383,"column":24},"end":{"line":383,"column":null}},"line":383},"48":{"name":"(anonymous_48)","decl":{"start":{"line":393,"column":29},"end":{"line":393,"column":35}},"loc":{"start":{"line":393,"column":35},"end":{"line":393,"column":64}},"line":393},"49":{"name":"(anonymous_49)","decl":{"start":{"line":396,"column":29},"end":{"line":396,"column":35}},"loc":{"start":{"line":396,"column":35},"end":{"line":396,"column":66}},"line":396},"50":{"name":"(anonymous_50)","decl":{"start":{"line":399,"column":29},"end":{"line":399,"column":35}},"loc":{"start":{"line":399,"column":35},"end":{"line":399,"column":62}},"line":399},"51":{"name":"(anonymous_51)","decl":{"start":{"line":406,"column":53},"end":{"line":406,"column":58}},"loc":{"start":{"line":406,"column":58},"end":{"line":406,"column":62}},"line":406}},"branchMap":{"0":{"loc":{"start":{"line":75,"column":47},"end":{"line":75,"column":80}},"type":"cond-expr","locations":[{"start":{"line":75,"column":69},"end":{"line":75,"column":79}},{"start":{"line":75,"column":79},"end":{"line":75,"column":80}}],"line":75},"1":{"loc":{"start":{"line":100,"column":4},"end":{"line":103,"column":null}},"type":"if","locations":[{"start":{"line":100,"column":4},"end":{"line":103,"column":null}},{"start":{},"end":{}}],"line":100},"2":{"loc":{"start":{"line":100,"column":8},"end":{"line":100,"column":89}},"type":"binary-expr","locations":[{"start":{"line":100,"column":8},"end":{"line":100,"column":20}},{"start":{"line":100,"column":20},"end":{"line":100,"column":59}},{"start":{"line":100,"column":59},"end":{"line":100,"column":89}}],"line":100},"3":{"loc":{"start":{"line":107,"column":17},"end":{"line":107,"column":null}},"type":"cond-expr","locations":[{"start":{"line":107,"column":28},"end":{"line":107,"column":47}},{"start":{"line":107,"column":47},"end":{"line":107,"column":null}}],"line":107},"4":{"loc":{"start":{"line":108,"column":20},"end":{"line":108,"column":null}},"type":"cond-expr","locations":[{"start":{"line":108,"column":31},"end":{"line":108,"column":53}},{"start":{"line":108,"column":40},"end":{"line":108,"column":null}}],"line":108},"5":{"loc":{"start":{"line":112,"column":8},"end":{"line":118,"column":null}},"type":"if","locations":[{"start":{"line":112,"column":8},"end":{"line":118,"column":null}},{"start":{"line":115,"column":15},"end":{"line":118,"column":null}}],"line":112},"6":{"loc":{"start":{"line":114,"column":40},"end":{"line":114,"column":72}},"type":"cond-expr","locations":[{"start":{"line":114,"column":61},"end":{"line":114,"column":71}},{"start":{"line":114,"column":71},"end":{"line":114,"column":72}}],"line":114},"7":{"loc":{"start":{"line":139,"column":6},"end":{"line":152,"column":null}},"type":"if","locations":[{"start":{"line":139,"column":6},"end":{"line":152,"column":null}},{"start":{"line":150,"column":13},"end":{"line":152,"column":null}}],"line":139},"8":{"loc":{"start":{"line":139,"column":10},"end":{"line":139,"column":89}},"type":"binary-expr","locations":[{"start":{"line":139,"column":10},"end":{"line":139,"column":21}},{"start":{"line":139,"column":21},"end":{"line":139,"column":58}},{"start":{"line":139,"column":58},"end":{"line":139,"column":89}}],"line":139},"9":{"loc":{"start":{"line":140,"column":10},"end":{"line":149,"column":null}},"type":"if","locations":[{"start":{"line":140,"column":10},"end":{"line":149,"column":null}},{"start":{},"end":{}}],"line":140},"10":{"loc":{"start":{"line":157,"column":13},"end":{"line":157,"column":null}},"type":"binary-expr","locations":[{"start":{"line":157,"column":13},"end":{"line":157,"column":50}},{"start":{"line":157,"column":50},"end":{"line":157,"column":null}}],"line":157},"11":{"loc":{"start":{"line":162,"column":4},"end":{"line":357,"column":null}},"type":"switch","locations":[{"start":{"line":163,"column":6},"end":{"line":219,"column":null}},{"start":{"line":221,"column":6},"end":{"line":228,"column":null}},{"start":{"line":229,"column":6},"end":{"line":235,"column":null}},{"start":{"line":236,"column":6},"end":{"line":262,"column":null}},{"start":{"line":263,"column":6},"end":{"line":263,"column":null}},{"start":{"line":264,"column":6},"end":{"line":355,"column":null}}],"line":162},"12":{"loc":{"start":{"line":198,"column":37},"end":{"line":198,"column":94}},"type":"binary-expr","locations":[{"start":{"line":198,"column":37},"end":{"line":198,"column":66}},{"start":{"line":198,"column":66},"end":{"line":198,"column":94}}],"line":198},"13":{"loc":{"start":{"line":209,"column":33},"end":{"line":209,"column":null}},"type":"cond-expr","locations":[{"start":{"line":209,"column":62},"end":{"line":209,"column":107}},{"start":{"line":209,"column":107},"end":{"line":209,"column":null}}],"line":209},"14":{"loc":{"start":{"line":211,"column":80},"end":{"line":211,"column":114}},"type":"binary-expr","locations":[{"start":{"line":211,"column":80},"end":{"line":211,"column":97}},{"start":{"line":211,"column":97},"end":{"line":211,"column":114}}],"line":211},"15":{"loc":{"start":{"line":214,"column":21},"end":{"line":215,"column":null}},"type":"binary-expr","locations":[{"start":{"line":214,"column":21},"end":{"line":214,"column":null}},{"start":{"line":215,"column":24},"end":{"line":215,"column":null}}],"line":214},"16":{"loc":{"start":{"line":234,"column":27},"end":{"line":234,"column":null}},"type":"cond-expr","locations":[{"start":{"line":234,"column":46},"end":{"line":234,"column":93}},{"start":{"line":234,"column":93},"end":{"line":234,"column":null}}],"line":234},"17":{"loc":{"start":{"line":238,"column":10},"end":{"line":238,"column":null}},"type":"if","locations":[{"start":{"line":238,"column":10},"end":{"line":238,"column":null}},{"start":{},"end":{}}],"line":238},"18":{"loc":{"start":{"line":245,"column":28},"end":{"line":245,"column":null}},"type":"binary-expr","locations":[{"start":{"line":245,"column":28},"end":{"line":245,"column":39}},{"start":{"line":245,"column":39},"end":{"line":245,"column":null}}],"line":245},"19":{"loc":{"start":{"line":246,"column":35},"end":{"line":246,"column":null}},"type":"binary-expr","locations":[{"start":{"line":246,"column":35},"end":{"line":246,"column":53}},{"start":{"line":246,"column":53},"end":{"line":246,"column":null}}],"line":246},"20":{"loc":{"start":{"line":247,"column":29},"end":{"line":247,"column":null}},"type":"binary-expr","locations":[{"start":{"line":247,"column":29},"end":{"line":247,"column":48}},{"start":{"line":247,"column":48},"end":{"line":247,"column":null}}],"line":247},"21":{"loc":{"start":{"line":248,"column":30},"end":{"line":248,"column":null}},"type":"binary-expr","locations":[{"start":{"line":248,"column":30},"end":{"line":248,"column":43}},{"start":{"line":248,"column":43},"end":{"line":248,"column":null}}],"line":248},"22":{"loc":{"start":{"line":253,"column":18},"end":{"line":255,"column":null}},"type":"if","locations":[{"start":{"line":253,"column":18},"end":{"line":255,"column":null}},{"start":{},"end":{}}],"line":253},"23":{"loc":{"start":{"line":253,"column":22},"end":{"line":253,"column":41}},"type":"binary-expr","locations":[{"start":{"line":253,"column":22},"end":{"line":253,"column":31}},{"start":{"line":253,"column":31},"end":{"line":253,"column":41}}],"line":253},"24":{"loc":{"start":{"line":254,"column":57},"end":{"line":254,"column":115}},"type":"cond-expr","locations":[{"start":{"line":254,"column":75},"end":{"line":254,"column":112}},{"start":{"line":254,"column":112},"end":{"line":254,"column":115}}],"line":254},"25":{"loc":{"start":{"line":267,"column":12},"end":{"line":267,"column":null}},"type":"if","locations":[{"start":{"line":267,"column":12},"end":{"line":267,"column":null}},{"start":{},"end":{}}],"line":267},"26":{"loc":{"start":{"line":269,"column":19},"end":{"line":269,"column":null}},"type":"binary-expr","locations":[{"start":{"line":269,"column":19},"end":{"line":269,"column":48}},{"start":{"line":269,"column":48},"end":{"line":269,"column":null}}],"line":269},"27":{"loc":{"start":{"line":288,"column":63},"end":{"line":288,"column":168}},"type":"cond-expr","locations":[{"start":{"line":288,"column":88},"end":{"line":288,"column":133}},{"start":{"line":288,"column":133},"end":{"line":288,"column":168}}],"line":288},"28":{"loc":{"start":{"line":294,"column":63},"end":{"line":294,"column":169}},"type":"cond-expr","locations":[{"start":{"line":294,"column":89},"end":{"line":294,"column":134}},{"start":{"line":294,"column":134},"end":{"line":294,"column":169}}],"line":294},"29":{"loc":{"start":{"line":321,"column":84},"end":{"line":321,"column":113}},"type":"binary-expr","locations":[{"start":{"line":321,"column":84},"end":{"line":321,"column":96}},{"start":{"line":321,"column":96},"end":{"line":321,"column":113}}],"line":321},"30":{"loc":{"start":{"line":324,"column":45},"end":{"line":324,"column":null}},"type":"cond-expr","locations":[{"start":{"line":324,"column":81},"end":{"line":324,"column":138}},{"start":{"line":324,"column":138},"end":{"line":324,"column":null}}],"line":324},"31":{"loc":{"start":{"line":324,"column":138},"end":{"line":324,"column":null}},"type":"binary-expr","locations":[{"start":{"line":324,"column":138},"end":{"line":324,"column":153}},{"start":{"line":324,"column":153},"end":{"line":324,"column":null}}],"line":324},"32":{"loc":{"start":{"line":327,"column":45},"end":{"line":329,"column":null}},"type":"cond-expr","locations":[{"start":{"line":328,"column":48},"end":{"line":328,"column":null}},{"start":{"line":329,"column":48},"end":{"line":329,"column":null}}],"line":327},"33":{"loc":{"start":{"line":333,"column":45},"end":{"line":333,"column":null}},"type":"cond-expr","locations":[{"start":{"line":333,"column":71},"end":{"line":333,"column":221}},{"start":{"line":333,"column":221},"end":{"line":333,"column":null}}],"line":333},"34":{"loc":{"start":{"line":337,"column":45},"end":{"line":341,"column":null}},"type":"binary-expr","locations":[{"start":{"line":337,"column":45},"end":{"line":337,"column":null}},{"start":{"line":338,"column":48},"end":{"line":341,"column":null}}],"line":337},"35":{"loc":{"start":{"line":347,"column":29},"end":{"line":350,"column":null}},"type":"binary-expr","locations":[{"start":{"line":347,"column":29},"end":{"line":347,"column":null}},{"start":{"line":348,"column":32},"end":{"line":350,"column":null}}],"line":347},"36":{"loc":{"start":{"line":378,"column":24},"end":{"line":378,"column":null}},"type":"if","locations":[{"start":{"line":378,"column":24},"end":{"line":378,"column":null}},{"start":{},"end":{}}],"line":378},"37":{"loc":{"start":{"line":393,"column":144},"end":{"line":393,"column":235}},"type":"cond-expr","locations":[{"start":{"line":393,"column":174},"end":{"line":393,"column":203}},{"start":{"line":393,"column":203},"end":{"line":393,"column":235}}],"line":393},"38":{"loc":{"start":{"line":396,"column":146},"end":{"line":396,"column":239}},"type":"cond-expr","locations":[{"start":{"line":396,"column":178},"end":{"line":396,"column":207}},{"start":{"line":396,"column":207},"end":{"line":396,"column":239}}],"line":396},"39":{"loc":{"start":{"line":399,"column":142},"end":{"line":399,"column":288}},"type":"cond-expr","locations":[{"start":{"line":399,"column":227},"end":{"line":399,"column":256}},{"start":{"line":399,"column":256},"end":{"line":399,"column":288}}],"line":399},"40":{"loc":{"start":{"line":399,"column":142},"end":{"line":399,"column":227}},"type":"binary-expr","locations":[{"start":{"line":399,"column":142},"end":{"line":399,"column":171}},{"start":{"line":399,"column":171},"end":{"line":399,"column":200}},{"start":{"line":399,"column":200},"end":{"line":399,"column":227}}],"line":399},"41":{"loc":{"start":{"line":410,"column":67},"end":{"line":410,"column":132}},"type":"cond-expr","locations":[{"start":{"line":410,"column":98},"end":{"line":410,"column":116}},{"start":{"line":410,"column":116},"end":{"line":410,"column":132}}],"line":410}},"s":{"0":2,"1":2,"2":160,"3":160,"4":160,"5":160,"6":160,"7":160,"8":43,"9":43,"10":43,"11":42,"12":42,"13":1,"14":1,"15":43,"16":43,"17":42,"18":42,"19":1,"20":1,"21":160,"22":160,"23":2,"24":2,"25":2,"26":2,"27":2,"28":0,"29":0,"30":0,"31":160,"32":1,"33":1,"34":1,"35":1,"36":1,"37":1,"38":0,"39":0,"40":0,"41":160,"42":1,"43":1,"44":1,"45":1,"46":1,"47":0,"48":0,"49":0,"50":160,"51":4,"52":3,"53":4,"54":0,"55":0,"56":4,"57":4,"58":4,"59":1,"60":1,"61":2,"62":3,"63":3,"64":4,"65":0,"66":0,"67":0,"68":160,"69":4,"70":4,"71":160,"72":2,"73":2,"74":160,"75":2,"76":2,"77":2,"78":2,"79":1,"80":1,"81":1,"82":2,"83":0,"84":0,"85":0,"86":0,"87":160,"88":49,"89":160,"90":160,"91":93,"92":88,"93":93,"94":88,"95":93,"96":88,"97":55,"98":1,"99":14,"100":7,"101":1,"102":2,"103":4,"104":4,"105":4,"106":0,"107":4,"108":0,"109":0,"110":0,"111":0,"112":0,"113":0,"114":0,"115":0,"116":0,"117":4,"118":4,"119":2,"120":42,"121":77,"122":6,"123":71,"124":42,"125":5,"126":5,"127":2,"128":3,"129":49,"130":38,"131":49,"132":53,"133":49,"134":49,"135":0,"136":3,"137":2,"138":2,"139":160,"140":7,"141":14,"142":7,"143":7,"144":480,"145":2,"146":10,"147":27,"148":320},"f":{"0":160,"1":43,"2":43,"3":2,"4":2,"5":1,"6":1,"7":1,"8":1,"9":1,"10":1,"11":4,"12":3,"13":2,"14":4,"15":2,"16":2,"17":2,"18":2,"19":49,"20":160,"21":88,"22":88,"23":88,"24":55,"25":1,"26":1,"27":2,"28":4,"29":0,"30":0,"31":0,"32":4,"33":2,"34":77,"35":5,"36":2,"37":3,"38":49,"39":38,"40":53,"41":0,"42":3,"43":2,"44":2,"45":7,"46":14,"47":480,"48":2,"49":10,"50":27,"51":320},"b":{"0":[1,0],"1":[0,4],"2":[4,1,0],"3":[1,3],"4":[1,3],"5":[1,3],"6":[1,1],"7":[2,0],"8":[2,2,0],"9":[1,1],"10":[49,6],"11":[93,14,7,4,42,42],"12":[88,39],"13":[6,49],"14":[55,55],"15":[93,49],"16":[2,5],"17":[0,4],"18":[0,0],"19":[0,0],"20":[0,0],"21":[0,0],"22":[0,0],"23":[0,0],"24":[0,0],"25":[6,71],"26":[71,31],"27":[39,3],"28":[3,39],"29":[49,11],"30":[43,6],"31":[6,0],"32":[43,6],"33":[5,44],"34":[49,45],"35":[42,3],"36":[7,0],"37":[93,67],"38":[14,146],"39":[53,107],"40":[160,118,111],"41":[149,11]},"meta":{"lastBranch":42,"lastFunction":52,"lastStatement":149,"seen":{"s:10:27:14:Infinity":0,"s:16:12:424:Infinity":1,"f:16:12:16:18":0,"s:18:36:18:Infinity":2,"s:21:36:21:Infinity":3,"s:24:36:24:Infinity":4,"s:25:28:25:Infinity":5,"s:28:38:28:Infinity":6,"s:31:2:53:Infinity":7,"f:31:12:31:18":1,"s:32:6:52:Infinity":8,"f:32:7:32:19":2,"s:34:10:41:Infinity":9,"s:35:29:35:Infinity":10,"s:36:14:36:Infinity":11,"s:37:14:37:Infinity":12,"s:39:14:39:Infinity":13,"s:40:14:40:Infinity":14,"s:44:10:51:Infinity":15,"s:45:34:45:Infinity":16,"s:46:14:46:Infinity":17,"s:47:14:47:Infinity":18,"s:49:14:49:Infinity":19,"s:50:14:50:Infinity":20,"s:57:46:57:Infinity":21,"s:60:30:70:Infinity":22,"f:60:30:60:37":3,"s:61:6:69:Infinity":23,"s:62:24:62:Infinity":24,"s:63:10:63:Infinity":25,"f:63:25:63:33":4,"s:63:33:63:49":26,"s:64:10:64:Infinity":27,"s:66:10:66:Infinity":28,"s:67:10:67:Infinity":29,"s:68:10:68:Infinity":30,"s:72:33:82:Infinity":31,"f:72:33:72:40":5,"s:73:6:81:Infinity":32,"s:74:26:74:Infinity":33,"s:75:10:75:Infinity":34,"f:75:25:75:33":6,"s:75:33:75:81":35,"f:75:42:75:47":7,"s:75:47:75:80":36,"b:75:69:75:79:75:79:75:80":0,"s:76:10:76:Infinity":37,"s:78:10:78:Infinity":38,"s:79:10:79:Infinity":39,"s:80:10:80:Infinity":40,"s:84:33:93:Infinity":41,"f:84:33:84:40":8,"s:85:6:92:Infinity":42,"s:86:10:86:Infinity":43,"s:87:10:87:Infinity":44,"f:87:25:87:33":9,"s:87:33:87:62":45,"f:87:45:87:50":10,"s:87:50:87:61":46,"s:89:10:89:Infinity":47,"s:90:10:90:Infinity":48,"s:91:10:91:Infinity":49,"s:95:27:125:Infinity":50,"f:95:27:95:34":11,"s:97:21:97:Infinity":51,"f:97:34:97:39":12,"s:97:39:97:57":52,"b:100:4:103:Infinity:undefined:undefined:undefined:undefined":1,"s:100:4:103:Infinity":53,"b:100:8:100:20:100:20:100:59:100:59:100:89":2,"s:101:8:101:Infinity":54,"s:102:8:102:Infinity":55,"s:105:25:109:Infinity":56,"b:107:28:107:47:107:47:107:Infinity":3,"b:108:31:108:53:108:40:108:Infinity":4,"s:111:4:124:Infinity":57,"b:112:8:118:Infinity:115:15:118:Infinity":5,"s:112:8:118:Infinity":58,"s:113:28:113:Infinity":59,"s:114:12:114:Infinity":60,"f:114:35:114:40":13,"s:114:40:114:72":61,"b:114:61:114:71:114:71:114:72":6,"s:116:28:116:Infinity":62,"s:117:12:117:Infinity":63,"s:119:8:119:Infinity":64,"s:121:8:121:Infinity":65,"s:122:8:122:Infinity":66,"s:123:8:123:Infinity":67,"s:127:27:130:Infinity":68,"f:127:27:127:28":14,"s:128:4:128:Infinity":69,"s:129:4:129:Infinity":70,"s:132:27:135:Infinity":71,"f:132:27:132:28":15,"s:133:6:133:Infinity":72,"s:134:6:134:Infinity":73,"s:137:29:153:Infinity":74,"f:137:29:137:36":16,"s:138:21:138:Infinity":75,"f:138:34:138:39":17,"s:138:39:138:50":76,"b:139:6:152:Infinity:150:13:152:Infinity":7,"s:139:6:152:Infinity":77,"b:139:10:139:21:139:21:139:58:139:58:139:89":8,"b:140:10:149:Infinity:undefined:undefined:undefined:undefined":9,"s:140:10:149:Infinity":78,"s:141:12:148:Infinity":79,"s:142:16:142:Infinity":80,"s:143:16:143:Infinity":81,"f:143:42:143:47":18,"s:143:47:143:58":82,"s:145:16:145:Infinity":83,"s:146:16:146:Infinity":84,"s:147:16:147:Infinity":85,"s:151:10:151:Infinity":86,"s:156:26:158:Infinity":87,"f:156:26:156:27":19,"s:157:6:157:Infinity":88,"b:157:13:157:50:157:50:157:Infinity":10,"s:161:24:358:Infinity":89,"f:161:24:161:30":20,"b:163:6:219:Infinity:221:6:228:Infinity:229:6:235:Infinity:236:6:262:Infinity:263:6:263:Infinity:264:6:355:Infinity":11,"s:162:4:357:Infinity":90,"s:164:26:164:Infinity":91,"f:164:41:164:46":21,"s:164:46:164:74":92,"s:165:26:165:Infinity":93,"f:165:41:165:46":22,"s:165:46:165:64":94,"s:167:8:219:Infinity":95,"f:198:32:198:37":23,"s:198:37:198:94":96,"b:198:37:198:66:198:66:198:94":12,"f:200:29:200:Infinity":24,"s:201:25:212:Infinity":97,"f:201:50:201:56":25,"s:201:56:201:80":98,"b:209:62:209:107:209:107:209:Infinity":13,"b:211:80:211:97:211:97:211:114":14,"b:214:21:214:Infinity:215:24:215:Infinity":15,"s:222:8:228:Infinity":99,"s:230:8:235:Infinity":100,"f:233:22:233:28":26,"s:233:28:233:Infinity":101,"b:234:46:234:93:234:93:234:Infinity":16,"f:234:59:234:64":27,"s:234:64:234:89":102,"s:237:20:237:Infinity":103,"f:237:33:237:38":28,"s:237:38:237:63":104,"b:238:10:238:Infinity:undefined:undefined:undefined:undefined":17,"s:238:10:238:Infinity":105,"s:238:18:238:Infinity":106,"s:240:49:260:Infinity":107,"f:240:49:240:56":29,"s:242:14:259:Infinity":108,"s:243:33:250:Infinity":109,"b:245:28:245:39:245:39:245:Infinity":18,"b:246:35:246:53:246:53:246:Infinity":19,"b:247:29:247:48:247:48:247:Infinity":20,"b:248:30:248:43:248:43:248:Infinity":21,"s:252:32:252:Infinity":110,"b:253:18:255:Infinity:undefined:undefined:undefined:undefined":22,"s:253:18:255:Infinity":111,"b:253:22:253:31:253:31:253:41":23,"s:254:22:254:Infinity":112,"f:254:33:254:41":30,"s:254:41:254:116":113,"f:254:50:254:57":31,"s:254:57:254:115":114,"b:254:75:254:112:254:112:254:115":24,"s:257:18:257:Infinity":115,"s:258:18:258:Infinity":116,"s:262:10:262:Infinity":117,"f:262:71:262:76":32,"s:262:76:262:99":118,"f:262:110:262:116":33,"s:262:116:262:143":119,"s:266:32:270:Infinity":120,"f:266:47:266:52":34,"b:267:12:267:Infinity:undefined:undefined:undefined:undefined":25,"s:267:12:267:Infinity":121,"s:267:41:267:Infinity":122,"s:269:12:269:Infinity":123,"b:269:19:269:48:269:48:269:Infinity":26,"s:272:8:355:Infinity":124,"f:277:33:277:39":35,"s:277:41:277:68":125,"s:277:68:277:95":126,"f:287:33:287:39":36,"s:287:39:287:Infinity":127,"b:288:88:288:133:288:133:288:168":27,"f:293:33:293:39":37,"s:293:39:293:Infinity":128,"b:294:89:294:134:294:134:294:169":28,"f:312:49:312:59":38,"s:313:43:313:Infinity":129,"f:313:60:313:65":39,"s:313:65:313:93":130,"s:314:46:314:Infinity":131,"f:314:62:314:67":40,"s:314:67:314:90":132,"s:315:48:315:Infinity":133,"s:317:32:344:Infinity":134,"f:319:108:319:114":41,"s:319:114:319:Infinity":135,"b:321:84:321:96:321:96:321:113":29,"b:324:81:324:138:324:138:324:Infinity":30,"b:324:138:324:153:324:153:324:Infinity":31,"b:328:48:328:Infinity:329:48:329:Infinity":32,"b:333:71:333:221:333:221:333:Infinity":33,"f:336:61:336:67":42,"s:336:67:336:96":136,"b:337:45:337:Infinity:338:48:341:Infinity":34,"f:339:69:339:75":43,"s:339:75:339:104":137,"f:340:69:340:75":44,"s:340:75:340:106":138,"b:347:29:347:Infinity:348:32:350:Infinity":35,"s:360:2:422:Infinity":139,"f:376:30:376:31":45,"s:377:37:377:Infinity":140,"f:377:53:377:58":46,"s:377:58:377:81":141,"b:378:24:378:Infinity:undefined:undefined:undefined:undefined":36,"s:378:24:378:Infinity":142,"s:378:33:378:Infinity":143,"f:382:36:382:Infinity":47,"s:383:24:383:Infinity":144,"f:393:29:393:35":48,"s:393:35:393:64":145,"b:393:174:393:203:393:203:393:235":37,"f:396:29:396:35":49,"s:396:35:396:66":146,"b:396:178:396:207:396:207:396:239":38,"f:399:29:399:35":50,"s:399:35:399:62":147,"b:399:227:399:256:399:256:399:288":39,"b:399:142:399:171:399:171:399:200:399:200:399:227":40,"f:406:53:406:58":51,"s:406:58:406:62":148,"b:410:98:410:116:410:116:410:132":41}}}
,"C:\\projects\\report-generator\\web\\components\\DataSourceView.tsx": {"path":"C:\\projects\\report-generator\\web\\components\\DataSourceView.tsx","statementMap":{"0":{"start":{"line":18,"column":61},"end":{"line":549,"column":null}},"1":{"start":{"line":19,"column":32},"end":{"line":19,"column":null}},"2":{"start":{"line":20,"column":32},"end":{"line":20,"column":null}},"3":{"start":{"line":23,"column":30},"end":{"line":29,"column":null}},"4":{"start":{"line":30,"column":48},"end":{"line":36,"column":null}},"5":{"start":{"line":37,"column":30},"end":{"line":37,"column":null}},"6":{"start":{"line":40,"column":32},"end":{"line":40,"column":null}},"7":{"start":{"line":41,"column":40},"end":{"line":41,"column":null}},"8":{"start":{"line":42,"column":44},"end":{"line":42,"column":null}},"9":{"start":{"line":44,"column":20},"end":{"line":57,"column":null}},"10":{"start":{"line":45,"column":4},"end":{"line":55,"column":null}},"11":{"start":{"line":46,"column":6},"end":{"line":46,"column":null}},"12":{"start":{"line":47,"column":6},"end":{"line":47,"column":null}},"13":{"start":{"line":48,"column":6},"end":{"line":48,"column":null}},"14":{"start":{"line":49,"column":6},"end":{"line":49,"column":null}},"15":{"start":{"line":51,"column":6},"end":{"line":51,"column":null}},"16":{"start":{"line":52,"column":6},"end":{"line":52,"column":null}},"17":{"start":{"line":53,"column":6},"end":{"line":53,"column":null}},"18":{"start":{"line":54,"column":6},"end":{"line":54,"column":null}},"19":{"start":{"line":56,"column":4},"end":{"line":56,"column":null}},"20":{"start":{"line":59,"column":30},"end":{"line":59,"column":null}},"21":{"start":{"line":61,"column":21},"end":{"line":89,"column":null}},"22":{"start":{"line":62,"column":4},"end":{"line":62,"column":null}},"23":{"start":{"line":62,"column":24},"end":{"line":62,"column":null}},"24":{"start":{"line":64,"column":27},"end":{"line":73,"column":null}},"25":{"start":{"line":75,"column":4},"end":{"line":75,"column":null}},"26":{"start":{"line":76,"column":4},"end":{"line":88,"column":null}},"27":{"start":{"line":77,"column":6},"end":{"line":81,"column":null}},"28":{"start":{"line":78,"column":8},"end":{"line":78,"column":null}},"29":{"start":{"line":80,"column":8},"end":{"line":80,"column":null}},"30":{"start":{"line":82,"column":6},"end":{"line":82,"column":null}},"31":{"start":{"line":84,"column":6},"end":{"line":84,"column":null}},"32":{"start":{"line":85,"column":6},"end":{"line":85,"column":null}},"33":{"start":{"line":87,"column":6},"end":{"line":87,"column":null}},"34":{"start":{"line":91,"column":31},"end":{"line":123,"column":null}},"35":{"start":{"line":92,"column":19},"end":{"line":92,"column":null}},"36":{"start":{"line":93,"column":20},"end":{"line":93,"column":null}},"37":{"start":{"line":95,"column":4},"end":{"line":98,"column":null}},"38":{"start":{"line":96,"column":8},"end":{"line":96,"column":null}},"39":{"start":{"line":97,"column":8},"end":{"line":97,"column":null}},"40":{"start":{"line":100,"column":4},"end":{"line":100,"column":null}},"41":{"start":{"line":101,"column":4},"end":{"line":122,"column":null}},"42":{"start":{"line":102,"column":6},"end":{"line":116,"column":null}},"43":{"start":{"line":103,"column":26},"end":{"line":103,"column":null}},"44":{"start":{"line":104,"column":8},"end":{"line":104,"column":null}},"45":{"start":{"line":104,"column":29},"end":{"line":104,"column":60}},"46":{"start":{"line":105,"column":8},"end":{"line":105,"column":null}},"47":{"start":{"line":108,"column":8},"end":{"line":115,"column":null}},"48":{"start":{"line":109,"column":36},"end":{"line":109,"column":null}},"49":{"start":{"line":110,"column":10},"end":{"line":110,"column":null}},"50":{"start":{"line":110,"column":31},"end":{"line":110,"column":85}},"51":{"start":{"line":111,"column":10},"end":{"line":111,"column":null}},"52":{"start":{"line":113,"column":10},"end":{"line":113,"column":null}},"53":{"start":{"line":114,"column":10},"end":{"line":114,"column":null}},"54":{"start":{"line":118,"column":8},"end":{"line":118,"column":null}},"55":{"start":{"line":119,"column":8},"end":{"line":119,"column":null}},"56":{"start":{"line":121,"column":8},"end":{"line":121,"column":null}},"57":{"start":{"line":125,"column":30},"end":{"line":130,"column":null}},"58":{"start":{"line":126,"column":24},"end":{"line":128,"column":null}},"59":{"start":{"line":127,"column":10},"end":{"line":127,"column":null}},"60":{"start":{"line":129,"column":6},"end":{"line":129,"column":null}},"61":{"start":{"line":132,"column":30},"end":{"line":137,"column":null}},"62":{"start":{"line":133,"column":24},"end":{"line":135,"column":null}},"63":{"start":{"line":134,"column":10},"end":{"line":134,"column":null}},"64":{"start":{"line":136,"column":6},"end":{"line":136,"column":null}},"65":{"start":{"line":139,"column":31},"end":{"line":148,"column":null}},"66":{"start":{"line":140,"column":22},"end":{"line":146,"column":null}},"67":{"start":{"line":141,"column":8},"end":{"line":141,"column":null}},"68":{"start":{"line":141,"column":30},"end":{"line":141,"column":null}},"69":{"start":{"line":142,"column":8},"end":{"line":145,"column":null}},"70":{"start":{"line":144,"column":40},"end":{"line":144,"column":85}},"71":{"start":{"line":147,"column":4},"end":{"line":147,"column":null}},"72":{"start":{"line":150,"column":29},"end":{"line":155,"column":null}},"73":{"start":{"line":151,"column":23},"end":{"line":153,"column":null}},"74":{"start":{"line":152,"column":10},"end":{"line":152,"column":null}},"75":{"start":{"line":154,"column":6},"end":{"line":154,"column":null}},"76":{"start":{"line":157,"column":35},"end":{"line":166,"column":null}},"77":{"start":{"line":158,"column":21},"end":{"line":164,"column":null}},"78":{"start":{"line":159,"column":8},"end":{"line":159,"column":null}},"79":{"start":{"line":159,"column":29},"end":{"line":159,"column":null}},"80":{"start":{"line":160,"column":8},"end":{"line":163,"column":null}},"81":{"start":{"line":162,"column":40},"end":{"line":162,"column":85}},"82":{"start":{"line":165,"column":4},"end":{"line":165,"column":null}},"83":{"start":{"line":168,"column":2},"end":{"line":489,"column":null}},"84":{"start":{"line":169,"column":4},"end":{"line":487,"column":null}},"85":{"start":{"line":177,"column":55},"end":{"line":177,"column":76}},"86":{"start":{"line":190,"column":87},"end":{"line":190,"column":137}},"87":{"start":{"line":191,"column":101},"end":{"line":191,"column":158}},"88":{"start":{"line":197,"column":54},"end":{"line":197,"column":null}},"89":{"start":{"line":209,"column":39},"end":{"line":209,"column":null}},"90":{"start":{"line":215,"column":40},"end":{"line":215,"column":null}},"91":{"start":{"line":239,"column":57},"end":{"line":239,"column":null}},"92":{"start":{"line":244,"column":102},"end":{"line":244,"column":170}},"93":{"start":{"line":245,"column":102},"end":{"line":245,"column":170}},"94":{"start":{"line":246,"column":115},"end":{"line":246,"column":187}},"95":{"start":{"line":247,"column":110},"end":{"line":247,"column":182}},"96":{"start":{"line":248,"column":132},"end":{"line":248,"column":204}},"97":{"start":{"line":273,"column":40},"end":{"line":366,"column":null}},"98":{"start":{"line":276,"column":120},"end":{"line":276,"column":null}},"99":{"start":{"line":290,"column":77},"end":{"line":290,"column":null}},"100":{"start":{"line":291,"column":76},"end":{"line":291,"column":null}},"101":{"start":{"line":297,"column":74},"end":{"line":297,"column":95}},"102":{"start":{"line":297,"column":95},"end":{"line":297,"column":126}},"103":{"start":{"line":314,"column":77},"end":{"line":314,"column":null}},"104":{"start":{"line":331,"column":68},"end":{"line":359,"column":null}},"105":{"start":{"line":339,"column":97},"end":{"line":339,"column":null}},"106":{"start":{"line":347,"column":97},"end":{"line":347,"column":null}},"107":{"start":{"line":355,"column":97},"end":{"line":355,"column":null}},"108":{"start":{"line":356,"column":96},"end":{"line":356,"column":null}},"109":{"start":{"line":376,"column":48},"end":{"line":469,"column":null}},"110":{"start":{"line":379,"column":128},"end":{"line":379,"column":null}},"111":{"start":{"line":394,"column":85},"end":{"line":394,"column":null}},"112":{"start":{"line":395,"column":84},"end":{"line":395,"column":null}},"113":{"start":{"line":417,"column":85},"end":{"line":417,"column":null}},"114":{"start":{"line":434,"column":76},"end":{"line":462,"column":null}},"115":{"start":{"line":442,"column":105},"end":{"line":442,"column":null}},"116":{"start":{"line":450,"column":105},"end":{"line":450,"column":null}},"117":{"start":{"line":458,"column":105},"end":{"line":458,"column":null}},"118":{"start":{"line":459,"column":104},"end":{"line":459,"column":null}},"119":{"start":{"line":479,"column":77},"end":{"line":479,"column":105}},"120":{"start":{"line":491,"column":2},"end":{"line":547,"column":null}},"121":{"start":{"line":496,"column":35},"end":{"line":496,"column":null}},"122":{"start":{"line":504,"column":10},"end":{"line":536,"column":null}},"123":{"start":{"line":512,"column":51},"end":{"line":512,"column":66}},"124":{"start":{"line":515,"column":59},"end":{"line":515,"column":204}},"125":{"start":{"line":515,"column":102},"end":{"line":515,"column":202}},"126":{"start":{"line":515,"column":108},"end":{"line":515,"column":131}},"127":{"start":{"line":515,"column":144},"end":{"line":515,"column":162}},"128":{"start":{"line":515,"column":162},"end":{"line":515,"column":200}},"129":{"start":{"line":543,"column":55},"end":{"line":543,"column":68}}},"fnMap":{"0":{"name":"(anonymous_0)","decl":{"start":{"line":18,"column":61},"end":{"line":18,"column":62}},"loc":{"start":{"line":18,"column":129},"end":{"line":549,"column":null}},"line":18},"1":{"name":"(anonymous_1)","decl":{"start":{"line":44,"column":20},"end":{"line":44,"column":21}},"loc":{"start":{"line":44,"column":41},"end":{"line":57,"column":null}},"line":44},"2":{"name":"(anonymous_2)","decl":{"start":{"line":61,"column":21},"end":{"line":61,"column":33}},"loc":{"start":{"line":61,"column":33},"end":{"line":89,"column":null}},"line":61},"3":{"name":"(anonymous_3)","decl":{"start":{"line":91,"column":31},"end":{"line":91,"column":43}},"loc":{"start":{"line":91,"column":43},"end":{"line":123,"column":null}},"line":91},"4":{"name":"(anonymous_4)","decl":{"start":{"line":104,"column":20},"end":{"line":104,"column":29}},"loc":{"start":{"line":104,"column":29},"end":{"line":104,"column":60}},"line":104},"5":{"name":"(anonymous_5)","decl":{"start":{"line":110,"column":22},"end":{"line":110,"column":31}},"loc":{"start":{"line":110,"column":31},"end":{"line":110,"column":85}},"line":110},"6":{"name":"(anonymous_6)","decl":{"start":{"line":125,"column":30},"end":{"line":125,"column":31}},"loc":{"start":{"line":125,"column":51},"end":{"line":130,"column":null}},"line":125},"7":{"name":"(anonymous_7)","decl":{"start":{"line":126,"column":45},"end":{"line":126,"column":null}},"loc":{"start":{"line":127,"column":10},"end":{"line":127,"column":null}},"line":127},"8":{"name":"(anonymous_8)","decl":{"start":{"line":132,"column":30},"end":{"line":132,"column":31}},"loc":{"start":{"line":132,"column":93},"end":{"line":137,"column":null}},"line":132},"9":{"name":"(anonymous_9)","decl":{"start":{"line":133,"column":45},"end":{"line":133,"column":null}},"loc":{"start":{"line":134,"column":10},"end":{"line":134,"column":null}},"line":134},"10":{"name":"(anonymous_10)","decl":{"start":{"line":139,"column":31},"end":{"line":139,"column":32}},"loc":{"start":{"line":139,"column":130},"end":{"line":148,"column":null}},"line":139},"11":{"name":"(anonymous_11)","decl":{"start":{"line":140,"column":43},"end":{"line":140,"column":48}},"loc":{"start":{"line":140,"column":48},"end":{"line":146,"column":5}},"line":140},"12":{"name":"(anonymous_12)","decl":{"start":{"line":144,"column":35},"end":{"line":144,"column":40}},"loc":{"start":{"line":144,"column":40},"end":{"line":144,"column":85}},"line":144},"13":{"name":"(anonymous_13)","decl":{"start":{"line":150,"column":29},"end":{"line":150,"column":30}},"loc":{"start":{"line":150,"column":92},"end":{"line":155,"column":null}},"line":150},"14":{"name":"(anonymous_14)","decl":{"start":{"line":151,"column":43},"end":{"line":151,"column":null}},"loc":{"start":{"line":152,"column":10},"end":{"line":152,"column":null}},"line":152},"15":{"name":"(anonymous_15)","decl":{"start":{"line":157,"column":35},"end":{"line":157,"column":36}},"loc":{"start":{"line":157,"column":133},"end":{"line":166,"column":null}},"line":157},"16":{"name":"(anonymous_16)","decl":{"start":{"line":158,"column":41},"end":{"line":158,"column":46}},"loc":{"start":{"line":158,"column":46},"end":{"line":164,"column":5}},"line":158},"17":{"name":"(anonymous_17)","decl":{"start":{"line":162,"column":35},"end":{"line":162,"column":40}},"loc":{"start":{"line":162,"column":40},"end":{"line":162,"column":85}},"line":162},"18":{"name":"(anonymous_18)","decl":{"start":{"line":177,"column":49},"end":{"line":177,"column":55}},"loc":{"start":{"line":177,"column":55},"end":{"line":177,"column":76}},"line":177},"19":{"name":"(anonymous_19)","decl":{"start":{"line":190,"column":82},"end":{"line":190,"column":87}},"loc":{"start":{"line":190,"column":87},"end":{"line":190,"column":137}},"line":190},"20":{"name":"(anonymous_20)","decl":{"start":{"line":191,"column":96},"end":{"line":191,"column":101}},"loc":{"start":{"line":191,"column":101},"end":{"line":191,"column":158}},"line":191},"21":{"name":"(anonymous_21)","decl":{"start":{"line":197,"column":42},"end":{"line":197,"column":43}},"loc":{"start":{"line":197,"column":54},"end":{"line":197,"column":null}},"line":197},"22":{"name":"(anonymous_22)","decl":{"start":{"line":209,"column":33},"end":{"line":209,"column":39}},"loc":{"start":{"line":209,"column":39},"end":{"line":209,"column":null}},"line":209},"23":{"name":"(anonymous_23)","decl":{"start":{"line":215,"column":34},"end":{"line":215,"column":40}},"loc":{"start":{"line":215,"column":40},"end":{"line":215,"column":null}},"line":215},"24":{"name":"(anonymous_24)","decl":{"start":{"line":239,"column":50},"end":{"line":239,"column":51}},"loc":{"start":{"line":239,"column":57},"end":{"line":239,"column":null}},"line":239},"25":{"name":"(anonymous_25)","decl":{"start":{"line":244,"column":97},"end":{"line":244,"column":102}},"loc":{"start":{"line":244,"column":102},"end":{"line":244,"column":170}},"line":244},"26":{"name":"(anonymous_26)","decl":{"start":{"line":245,"column":97},"end":{"line":245,"column":102}},"loc":{"start":{"line":245,"column":102},"end":{"line":245,"column":170}},"line":245},"27":{"name":"(anonymous_27)","decl":{"start":{"line":246,"column":110},"end":{"line":246,"column":115}},"loc":{"start":{"line":246,"column":115},"end":{"line":246,"column":187}},"line":246},"28":{"name":"(anonymous_28)","decl":{"start":{"line":247,"column":105},"end":{"line":247,"column":110}},"loc":{"start":{"line":247,"column":110},"end":{"line":247,"column":182}},"line":247},"29":{"name":"(anonymous_29)","decl":{"start":{"line":248,"column":127},"end":{"line":248,"column":132}},"loc":{"start":{"line":248,"column":132},"end":{"line":248,"column":204}},"line":248},"30":{"name":"(anonymous_30)","decl":{"start":{"line":272,"column":57},"end":{"line":272,"column":58}},"loc":{"start":{"line":273,"column":40},"end":{"line":366,"column":null}},"line":273},"31":{"name":"(anonymous_31)","decl":{"start":{"line":276,"column":114},"end":{"line":276,"column":120}},"loc":{"start":{"line":276,"column":120},"end":{"line":276,"column":null}},"line":276},"32":{"name":"(anonymous_32)","decl":{"start":{"line":290,"column":70},"end":{"line":290,"column":71}},"loc":{"start":{"line":290,"column":77},"end":{"line":290,"column":null}},"line":290},"33":{"name":"(anonymous_33)","decl":{"start":{"line":291,"column":69},"end":{"line":291,"column":70}},"loc":{"start":{"line":291,"column":76},"end":{"line":291,"column":null}},"line":291},"34":{"name":"(anonymous_34)","decl":{"start":{"line":297,"column":65},"end":{"line":297,"column":66}},"loc":{"start":{"line":297,"column":72},"end":{"line":297,"column":null}},"line":297},"35":{"name":"(anonymous_35)","decl":{"start":{"line":314,"column":70},"end":{"line":314,"column":71}},"loc":{"start":{"line":314,"column":77},"end":{"line":314,"column":null}},"line":314},"36":{"name":"(anonymous_36)","decl":{"start":{"line":330,"column":83},"end":{"line":330,"column":null}},"loc":{"start":{"line":331,"column":68},"end":{"line":359,"column":null}},"line":331},"37":{"name":"(anonymous_37)","decl":{"start":{"line":339,"column":90},"end":{"line":339,"column":91}},"loc":{"start":{"line":339,"column":97},"end":{"line":339,"column":null}},"line":339},"38":{"name":"(anonymous_38)","decl":{"start":{"line":347,"column":90},"end":{"line":347,"column":91}},"loc":{"start":{"line":347,"column":97},"end":{"line":347,"column":null}},"line":347},"39":{"name":"(anonymous_39)","decl":{"start":{"line":355,"column":90},"end":{"line":355,"column":91}},"loc":{"start":{"line":355,"column":97},"end":{"line":355,"column":null}},"line":355},"40":{"name":"(anonymous_40)","decl":{"start":{"line":356,"column":89},"end":{"line":356,"column":90}},"loc":{"start":{"line":356,"column":96},"end":{"line":356,"column":null}},"line":356},"41":{"name":"(anonymous_41)","decl":{"start":{"line":375,"column":64},"end":{"line":375,"column":65}},"loc":{"start":{"line":376,"column":48},"end":{"line":469,"column":null}},"line":376},"42":{"name":"(anonymous_42)","decl":{"start":{"line":379,"column":122},"end":{"line":379,"column":128}},"loc":{"start":{"line":379,"column":128},"end":{"line":379,"column":null}},"line":379},"43":{"name":"(anonymous_43)","decl":{"start":{"line":394,"column":78},"end":{"line":394,"column":79}},"loc":{"start":{"line":394,"column":85},"end":{"line":394,"column":null}},"line":394},"44":{"name":"(anonymous_44)","decl":{"start":{"line":395,"column":77},"end":{"line":395,"column":78}},"loc":{"start":{"line":395,"column":84},"end":{"line":395,"column":null}},"line":395},"45":{"name":"(anonymous_45)","decl":{"start":{"line":417,"column":78},"end":{"line":417,"column":79}},"loc":{"start":{"line":417,"column":85},"end":{"line":417,"column":null}},"line":417},"46":{"name":"(anonymous_46)","decl":{"start":{"line":433,"column":90},"end":{"line":433,"column":null}},"loc":{"start":{"line":434,"column":76},"end":{"line":462,"column":null}},"line":434},"47":{"name":"(anonymous_47)","decl":{"start":{"line":442,"column":98},"end":{"line":442,"column":99}},"loc":{"start":{"line":442,"column":105},"end":{"line":442,"column":null}},"line":442},"48":{"name":"(anonymous_48)","decl":{"start":{"line":450,"column":98},"end":{"line":450,"column":99}},"loc":{"start":{"line":450,"column":105},"end":{"line":450,"column":null}},"line":450},"49":{"name":"(anonymous_49)","decl":{"start":{"line":458,"column":98},"end":{"line":458,"column":99}},"loc":{"start":{"line":458,"column":105},"end":{"line":458,"column":null}},"line":458},"50":{"name":"(anonymous_50)","decl":{"start":{"line":459,"column":97},"end":{"line":459,"column":98}},"loc":{"start":{"line":459,"column":104},"end":{"line":459,"column":null}},"line":459},"51":{"name":"(anonymous_51)","decl":{"start":{"line":479,"column":71},"end":{"line":479,"column":77}},"loc":{"start":{"line":479,"column":77},"end":{"line":479,"column":105}},"line":479},"52":{"name":"(anonymous_52)","decl":{"start":{"line":496,"column":29},"end":{"line":496,"column":35}},"loc":{"start":{"line":496,"column":35},"end":{"line":496,"column":null}},"line":496},"53":{"name":"(anonymous_53)","decl":{"start":{"line":503,"column":25},"end":{"line":503,"column":null}},"loc":{"start":{"line":504,"column":10},"end":{"line":536,"column":null}},"line":504},"54":{"name":"(anonymous_54)","decl":{"start":{"line":512,"column":45},"end":{"line":512,"column":51}},"loc":{"start":{"line":512,"column":51},"end":{"line":512,"column":66}},"line":512},"55":{"name":"(anonymous_55)","decl":{"start":{"line":515,"column":45},"end":{"line":515,"column":57}},"loc":{"start":{"line":515,"column":57},"end":{"line":515,"column":207}},"line":515},"56":{"name":"(anonymous_56)","decl":{"start":{"line":543,"column":49},"end":{"line":543,"column":55}},"loc":{"start":{"line":543,"column":55},"end":{"line":543,"column":68}},"line":543}},"branchMap":{"0":{"loc":{"start":{"line":18,"column":104},"end":{"line":18,"column":123}},"type":"default-arg","locations":[{"start":{"line":18,"column":117},"end":{"line":18,"column":123}}],"line":18},"1":{"loc":{"start":{"line":45,"column":4},"end":{"line":55,"column":null}},"type":"if","locations":[{"start":{"line":45,"column":4},"end":{"line":55,"column":null}},{"start":{"line":50,"column":11},"end":{"line":55,"column":null}}],"line":45},"2":{"loc":{"start":{"line":48,"column":27},"end":{"line":48,"column":115}},"type":"binary-expr","locations":[{"start":{"line":48,"column":27},"end":{"line":48,"column":51}},{"start":{"line":48,"column":51},"end":{"line":48,"column":115}}],"line":48},"3":{"loc":{"start":{"line":62,"column":4},"end":{"line":62,"column":null}},"type":"if","locations":[{"start":{"line":62,"column":4},"end":{"line":62,"column":null}},{"start":{},"end":{}}],"line":62},"4":{"loc":{"start":{"line":65,"column":10},"end":{"line":65,"column":null}},"type":"binary-expr","locations":[{"start":{"line":65,"column":10},"end":{"line":65,"column":23}},{"start":{"line":65,"column":23},"end":{"line":65,"column":null}}],"line":65},"5":{"loc":{"start":{"line":67,"column":19},"end":{"line":67,"column":null}},"type":"binary-expr","locations":[{"start":{"line":67,"column":19},"end":{"line":67,"column":43}},{"start":{"line":67,"column":43},"end":{"line":67,"column":null}}],"line":67},"6":{"loc":{"start":{"line":68,"column":12},"end":{"line":68,"column":null}},"type":"binary-expr","locations":[{"start":{"line":68,"column":12},"end":{"line":68,"column":29}},{"start":{"line":68,"column":29},"end":{"line":68,"column":null}}],"line":68},"7":{"loc":{"start":{"line":69,"column":25},"end":{"line":69,"column":null}},"type":"cond-expr","locations":[{"start":{"line":69,"column":54},"end":{"line":69,"column":74}},{"start":{"line":69,"column":74},"end":{"line":69,"column":null}}],"line":69},"8":{"loc":{"start":{"line":70,"column":14},"end":{"line":70,"column":null}},"type":"binary-expr","locations":[{"start":{"line":70,"column":14},"end":{"line":70,"column":33}},{"start":{"line":70,"column":33},"end":{"line":70,"column":null}}],"line":70},"9":{"loc":{"start":{"line":71,"column":13},"end":{"line":71,"column":null}},"type":"binary-expr","locations":[{"start":{"line":71,"column":13},"end":{"line":71,"column":31}},{"start":{"line":71,"column":31},"end":{"line":71,"column":null}}],"line":71},"10":{"loc":{"start":{"line":72,"column":18},"end":{"line":72,"column":null}},"type":"cond-expr","locations":[{"start":{"line":72,"column":31},"end":{"line":72,"column":82}},{"start":{"line":72,"column":77},"end":{"line":72,"column":null}}],"line":72},"11":{"loc":{"start":{"line":72,"column":31},"end":{"line":72,"column":82}},"type":"binary-expr","locations":[{"start":{"line":72,"column":31},"end":{"line":72,"column":54}},{"start":{"line":72,"column":40},"end":{"line":72,"column":82}}],"line":72},"12":{"loc":{"start":{"line":77,"column":6},"end":{"line":81,"column":null}},"type":"if","locations":[{"start":{"line":77,"column":6},"end":{"line":81,"column":null}},{"start":{"line":79,"column":13},"end":{"line":81,"column":null}}],"line":77},"13":{"loc":{"start":{"line":92,"column":19},"end":{"line":92,"column":null}},"type":"cond-expr","locations":[{"start":{"line":92,"column":48},"end":{"line":92,"column":61}},{"start":{"line":92,"column":61},"end":{"line":92,"column":null}}],"line":92},"14":{"loc":{"start":{"line":93,"column":20},"end":{"line":93,"column":null}},"type":"cond-expr","locations":[{"start":{"line":93,"column":49},"end":{"line":93,"column":60}},{"start":{"line":93,"column":60},"end":{"line":93,"column":null}}],"line":93},"15":{"loc":{"start":{"line":95,"column":4},"end":{"line":98,"column":null}},"type":"if","locations":[{"start":{"line":95,"column":4},"end":{"line":98,"column":null}},{"start":{},"end":{}}],"line":95},"16":{"loc":{"start":{"line":95,"column":8},"end":{"line":95,"column":47}},"type":"binary-expr","locations":[{"start":{"line":95,"column":8},"end":{"line":95,"column":19}},{"start":{"line":95,"column":19},"end":{"line":95,"column":47}}],"line":95},"17":{"loc":{"start":{"line":102,"column":6},"end":{"line":116,"column":null}},"type":"if","locations":[{"start":{"line":102,"column":6},"end":{"line":116,"column":null}},{"start":{"line":106,"column":13},"end":{"line":116,"column":null}}],"line":102},"18":{"loc":{"start":{"line":109,"column":71},"end":{"line":109,"column":95}},"type":"binary-expr","locations":[{"start":{"line":109,"column":71},"end":{"line":109,"column":88}},{"start":{"line":109,"column":88},"end":{"line":109,"column":95}}],"line":109},"19":{"loc":{"start":{"line":110,"column":50},"end":{"line":110,"column":64}},"type":"binary-expr","locations":[{"start":{"line":110,"column":50},"end":{"line":110,"column":60}},{"start":{"line":110,"column":60},"end":{"line":110,"column":64}}],"line":110},"20":{"loc":{"start":{"line":110,"column":71},"end":{"line":110,"column":83}},"type":"binary-expr","locations":[{"start":{"line":110,"column":71},"end":{"line":110,"column":80}},{"start":{"line":110,"column":80},"end":{"line":110,"column":83}}],"line":110},"21":{"loc":{"start":{"line":127,"column":10},"end":{"line":127,"column":null}},"type":"cond-expr","locations":[{"start":{"line":127,"column":29},"end":{"line":127,"column":61}},{"start":{"line":127,"column":61},"end":{"line":127,"column":null}}],"line":127},"22":{"loc":{"start":{"line":134,"column":10},"end":{"line":134,"column":null}},"type":"cond-expr","locations":[{"start":{"line":134,"column":24},"end":{"line":134,"column":51}},{"start":{"line":134,"column":51},"end":{"line":134,"column":null}}],"line":134},"23":{"loc":{"start":{"line":141,"column":8},"end":{"line":141,"column":null}},"type":"if","locations":[{"start":{"line":141,"column":8},"end":{"line":141,"column":null}},{"start":{},"end":{}}],"line":141},"24":{"loc":{"start":{"line":144,"column":40},"end":{"line":144,"column":85}},"type":"cond-expr","locations":[{"start":{"line":144,"column":57},"end":{"line":144,"column":84}},{"start":{"line":144,"column":84},"end":{"line":144,"column":85}}],"line":144},"25":{"loc":{"start":{"line":152,"column":10},"end":{"line":152,"column":null}},"type":"cond-expr","locations":[{"start":{"line":152,"column":24},"end":{"line":152,"column":51}},{"start":{"line":152,"column":51},"end":{"line":152,"column":null}}],"line":152},"26":{"loc":{"start":{"line":159,"column":8},"end":{"line":159,"column":null}},"type":"if","locations":[{"start":{"line":159,"column":8},"end":{"line":159,"column":null}},{"start":{},"end":{}}],"line":159},"27":{"loc":{"start":{"line":162,"column":40},"end":{"line":162,"column":85}},"type":"cond-expr","locations":[{"start":{"line":162,"column":57},"end":{"line":162,"column":84}},{"start":{"line":162,"column":84},"end":{"line":162,"column":85}}],"line":162},"28":{"loc":{"start":{"line":168,"column":2},"end":{"line":489,"column":null}},"type":"if","locations":[{"start":{"line":168,"column":2},"end":{"line":489,"column":null}},{"start":{},"end":{}}],"line":168},"29":{"loc":{"start":{"line":173,"column":66},"end":{"line":173,"column":117}},"type":"cond-expr","locations":[{"start":{"line":173,"column":78},"end":{"line":173,"column":99}},{"start":{"line":173,"column":99},"end":{"line":173,"column":117}}],"line":173},"30":{"loc":{"start":{"line":190,"column":51},"end":{"line":190,"column":72}},"type":"binary-expr","locations":[{"start":{"line":190,"column":51},"end":{"line":190,"column":68}},{"start":{"line":190,"column":68},"end":{"line":190,"column":72}}],"line":190},"31":{"loc":{"start":{"line":191,"column":58},"end":{"line":191,"column":86}},"type":"binary-expr","locations":[{"start":{"line":191,"column":58},"end":{"line":191,"column":82}},{"start":{"line":191,"column":82},"end":{"line":191,"column":86}}],"line":191},"32":{"loc":{"start":{"line":210,"column":107},"end":{"line":210,"column":197}},"type":"cond-expr","locations":[{"start":{"line":210,"column":136},"end":{"line":210,"column":165}},{"start":{"line":210,"column":165},"end":{"line":210,"column":197}}],"line":210},"33":{"loc":{"start":{"line":216,"column":107},"end":{"line":216,"column":193}},"type":"cond-expr","locations":[{"start":{"line":216,"column":132},"end":{"line":216,"column":161}},{"start":{"line":216,"column":161},"end":{"line":216,"column":193}}],"line":216},"34":{"loc":{"start":{"line":219,"column":25},"end":{"line":220,"column":null}},"type":"binary-expr","locations":[{"start":{"line":219,"column":25},"end":{"line":219,"column":44}},{"start":{"line":219,"column":44},"end":{"line":219,"column":null}},{"start":{"line":220,"column":28},"end":{"line":220,"column":null}}],"line":219},"35":{"loc":{"start":{"line":228,"column":17},"end":{"line":259,"column":null}},"type":"binary-expr","locations":[{"start":{"line":228,"column":17},"end":{"line":228,"column":null}},{"start":{"line":229,"column":20},"end":{"line":259,"column":null}}],"line":228},"36":{"loc":{"start":{"line":230,"column":43},"end":{"line":230,"column":113}},"type":"cond-expr","locations":[{"start":{"line":230,"column":72},"end":{"line":230,"column":90}},{"start":{"line":230,"column":90},"end":{"line":230,"column":113}}],"line":230},"37":{"loc":{"start":{"line":232,"column":29},"end":{"line":249,"column":null}},"type":"cond-expr","locations":[{"start":{"line":233,"column":32},"end":{"line":241,"column":null}},{"start":{"line":243,"column":32},"end":{"line":249,"column":null}}],"line":232},"38":{"loc":{"start":{"line":248,"column":83},"end":{"line":248,"column":117}},"type":"binary-expr","locations":[{"start":{"line":248,"column":83},"end":{"line":248,"column":113}},{"start":{"line":248,"column":113},"end":{"line":248,"column":117}}],"line":248},"39":{"loc":{"start":{"line":255,"column":37},"end":{"line":255,"column":null}},"type":"cond-expr","locations":[{"start":{"line":255,"column":66},"end":{"line":255,"column":86}},{"start":{"line":255,"column":86},"end":{"line":255,"column":null}}],"line":255},"40":{"loc":{"start":{"line":262,"column":17},"end":{"line":483,"column":null}},"type":"binary-expr","locations":[{"start":{"line":262,"column":17},"end":{"line":262,"column":null}},{"start":{"line":263,"column":20},"end":{"line":483,"column":null}}],"line":262},"41":{"loc":{"start":{"line":266,"column":33},"end":{"line":266,"column":62}},"type":"binary-expr","locations":[{"start":{"line":266,"column":33},"end":{"line":266,"column":60}},{"start":{"line":266,"column":60},"end":{"line":266,"column":62}}],"line":266},"42":{"loc":{"start":{"line":266,"column":72},"end":{"line":266,"column":100}},"type":"binary-expr","locations":[{"start":{"line":266,"column":72},"end":{"line":266,"column":98}},{"start":{"line":266,"column":98},"end":{"line":266,"column":100}}],"line":266},"43":{"loc":{"start":{"line":270,"column":29},"end":{"line":480,"column":null}},"type":"cond-expr","locations":[{"start":{"line":271,"column":32},"end":{"line":473,"column":null}},{"start":{"line":475,"column":32},"end":{"line":480,"column":null}}],"line":270},"44":{"loc":{"start":{"line":270,"column":29},"end":{"line":270,"column":null}},"type":"binary-expr","locations":[{"start":{"line":270,"column":29},"end":{"line":270,"column":48}},{"start":{"line":270,"column":48},"end":{"line":270,"column":null}}],"line":270},"45":{"loc":{"start":{"line":276,"column":139},"end":{"line":276,"column":185}},"type":"cond-expr","locations":[{"start":{"line":276,"column":170},"end":{"line":276,"column":177}},{"start":{"line":276,"column":177},"end":{"line":276,"column":185}}],"line":276},"46":{"loc":{"start":{"line":277,"column":53},"end":{"line":277,"column":null}},"type":"cond-expr","locations":[{"start":{"line":277,"column":84},"end":{"line":277,"column":141}},{"start":{"line":277,"column":141},"end":{"line":277,"column":null}}],"line":277},"47":{"loc":{"start":{"line":289,"column":67},"end":{"line":289,"column":null}},"type":"binary-expr","locations":[{"start":{"line":289,"column":67},"end":{"line":289,"column":82}},{"start":{"line":289,"column":82},"end":{"line":289,"column":null}}],"line":289},"48":{"loc":{"start":{"line":295,"column":65},"end":{"line":295,"column":null}},"type":"cond-expr","locations":[{"start":{"line":295,"column":81},"end":{"line":295,"column":95}},{"start":{"line":295,"column":95},"end":{"line":295,"column":null}}],"line":295},"49":{"loc":{"start":{"line":296,"column":78},"end":{"line":296,"column":160}},"type":"cond-expr","locations":[{"start":{"line":296,"column":94},"end":{"line":296,"column":145}},{"start":{"line":296,"column":145},"end":{"line":296,"column":160}}],"line":296},"50":{"loc":{"start":{"line":299,"column":57},"end":{"line":299,"column":null}},"type":"cond-expr","locations":[{"start":{"line":299,"column":73},"end":{"line":299,"column":107}},{"start":{"line":299,"column":107},"end":{"line":299,"column":null}}],"line":299},"51":{"loc":{"start":{"line":300,"column":57},"end":{"line":300,"column":null}},"type":"cond-expr","locations":[{"start":{"line":300,"column":73},"end":{"line":300,"column":85}},{"start":{"line":300,"column":85},"end":{"line":300,"column":null}}],"line":300},"52":{"loc":{"start":{"line":306,"column":45},"end":{"line":364,"column":null}},"type":"binary-expr","locations":[{"start":{"line":306,"column":45},"end":{"line":306,"column":null}},{"start":{"line":307,"column":48},"end":{"line":364,"column":null}}],"line":306},"53":{"loc":{"start":{"line":313,"column":67},"end":{"line":313,"column":null}},"type":"binary-expr","locations":[{"start":{"line":313,"column":67},"end":{"line":313,"column":88}},{"start":{"line":313,"column":88},"end":{"line":313,"column":null}}],"line":313},"54":{"loc":{"start":{"line":337,"column":87},"end":{"line":337,"column":null}},"type":"binary-expr","locations":[{"start":{"line":337,"column":87},"end":{"line":337,"column":100}},{"start":{"line":337,"column":100},"end":{"line":337,"column":null}}],"line":337},"55":{"loc":{"start":{"line":345,"column":87},"end":{"line":345,"column":null}},"type":"binary-expr","locations":[{"start":{"line":345,"column":87},"end":{"line":345,"column":106}},{"start":{"line":345,"column":106},"end":{"line":345,"column":null}}],"line":345},"56":{"loc":{"start":{"line":353,"column":87},"end":{"line":353,"column":null}},"type":"binary-expr","locations":[{"start":{"line":353,"column":87},"end":{"line":353,"column":106}},{"start":{"line":353,"column":106},"end":{"line":353,"column":null}}],"line":353},"57":{"loc":{"start":{"line":370,"column":37},"end":{"line":471,"column":null}},"type":"binary-expr","locations":[{"start":{"line":370,"column":37},"end":{"line":370,"column":55}},{"start":{"line":370,"column":55},"end":{"line":370,"column":null}},{"start":{"line":371,"column":40},"end":{"line":471,"column":null}}],"line":370},"58":{"loc":{"start":{"line":379,"column":147},"end":{"line":379,"column":191}},"type":"cond-expr","locations":[{"start":{"line":379,"column":177},"end":{"line":379,"column":184}},{"start":{"line":379,"column":184},"end":{"line":379,"column":191}}],"line":379},"59":{"loc":{"start":{"line":380,"column":61},"end":{"line":380,"column":null}},"type":"cond-expr","locations":[{"start":{"line":380,"column":91},"end":{"line":380,"column":148}},{"start":{"line":380,"column":148},"end":{"line":380,"column":null}}],"line":380},"60":{"loc":{"start":{"line":393,"column":75},"end":{"line":393,"column":null}},"type":"binary-expr","locations":[{"start":{"line":393,"column":75},"end":{"line":393,"column":89}},{"start":{"line":393,"column":89},"end":{"line":393,"column":null}}],"line":393},"61":{"loc":{"start":{"line":402,"column":53},"end":{"line":467,"column":null}},"type":"binary-expr","locations":[{"start":{"line":402,"column":53},"end":{"line":402,"column":null}},{"start":{"line":403,"column":56},"end":{"line":467,"column":null}}],"line":402},"62":{"loc":{"start":{"line":404,"column":61},"end":{"line":408,"column":null}},"type":"binary-expr","locations":[{"start":{"line":404,"column":61},"end":{"line":404,"column":null}},{"start":{"line":405,"column":64},"end":{"line":408,"column":null}}],"line":404},"63":{"loc":{"start":{"line":416,"column":75},"end":{"line":416,"column":null}},"type":"binary-expr","locations":[{"start":{"line":416,"column":75},"end":{"line":416,"column":95}},{"start":{"line":416,"column":95},"end":{"line":416,"column":null}}],"line":416},"64":{"loc":{"start":{"line":440,"column":95},"end":{"line":440,"column":null}},"type":"binary-expr","locations":[{"start":{"line":440,"column":95},"end":{"line":440,"column":108}},{"start":{"line":440,"column":108},"end":{"line":440,"column":null}}],"line":440},"65":{"loc":{"start":{"line":448,"column":95},"end":{"line":448,"column":null}},"type":"binary-expr","locations":[{"start":{"line":448,"column":95},"end":{"line":448,"column":114}},{"start":{"line":448,"column":114},"end":{"line":448,"column":null}}],"line":448},"66":{"loc":{"start":{"line":456,"column":95},"end":{"line":456,"column":null}},"type":"binary-expr","locations":[{"start":{"line":456,"column":95},"end":{"line":456,"column":114}},{"start":{"line":456,"column":114},"end":{"line":456,"column":null}}],"line":456},"67":{"loc":{"start":{"line":495,"column":9},"end":{"line":498,"column":null}},"type":"binary-expr","locations":[{"start":{"line":495,"column":9},"end":{"line":495,"column":null}},{"start":{"line":496,"column":12},"end":{"line":498,"column":null}}],"line":495},"68":{"loc":{"start":{"line":510,"column":21},"end":{"line":518,"column":null}},"type":"binary-expr","locations":[{"start":{"line":510,"column":21},"end":{"line":510,"column":null}},{"start":{"line":511,"column":24},"end":{"line":518,"column":null}}],"line":510},"69":{"loc":{"start":{"line":515,"column":59},"end":{"line":515,"column":204}},"type":"if","locations":[{"start":{"line":515,"column":59},"end":{"line":515,"column":204}},{"start":{},"end":{}}],"line":515},"70":{"loc":{"start":{"line":522,"column":77},"end":{"line":522,"column":122}},"type":"binary-expr","locations":[{"start":{"line":522,"column":77},"end":{"line":522,"column":95}},{"start":{"line":522,"column":95},"end":{"line":522,"column":122}}],"line":522},"71":{"loc":{"start":{"line":527,"column":56},"end":{"line":527,"column":124}},"type":"cond-expr","locations":[{"start":{"line":527,"column":90},"end":{"line":527,"column":121}},{"start":{"line":527,"column":121},"end":{"line":527,"column":124}}],"line":527},"72":{"loc":{"start":{"line":527,"column":56},"end":{"line":527,"column":90}},"type":"binary-expr","locations":[{"start":{"line":527,"column":56},"end":{"line":527,"column":68}},{"start":{"line":527,"column":68},"end":{"line":527,"column":90}}],"line":527},"73":{"loc":{"start":{"line":529,"column":21},"end":{"line":532,"column":null}},"type":"binary-expr","locations":[{"start":{"line":529,"column":21},"end":{"line":529,"column":45}},{"start":{"line":529,"column":45},"end":{"line":529,"column":null}},{"start":{"line":530,"column":25},"end":{"line":532,"column":null}}],"line":529},"74":{"loc":{"start":{"line":538,"column":9},"end":{"line":544,"column":null}},"type":"binary-expr","locations":[{"start":{"line":538,"column":9},"end":{"line":538,"column":null}},{"start":{"line":539,"column":12},"end":{"line":544,"column":null}}],"line":538},"75":{"
[...]
"loc":{"start":{"line":98,"column":4},"end":{"line":98,"column":null}},"type":"if","locations":[{"start":{"line":98,"column":4},"end":{"line":98,"column":null}},{"start":{},"end":{}}],"line":98},"28":{"loc":{"start":{"line":109,"column":2},"end":{"line":112,"column":null}},"type":"if","locations":[{"start":{"line":109,"column":2},"end":{"line":112,"column":null}},{"start":{},"end":{}}],"line":109},"29":{"loc":{"start":{"line":111,"column":68},"end":{"line":111,"column":84}},"type":"binary-expr","locations":[{"start":{"line":111,"column":68},"end":{"line":111,"column":75}},{"start":{"line":111,"column":75},"end":{"line":111,"column":84}}],"line":111},"30":{"loc":{"start":{"line":118,"column":4},"end":{"line":118,"column":null}},"type":"if","locations":[{"start":{"line":118,"column":4},"end":{"line":118,"column":null}},{"start":{},"end":{}}],"line":118},"31":{"loc":{"start":{"line":120,"column":4},"end":{"line":120,"column":null}},"type":"if","locations":[{"start":{"line":120,"column":4},"end":{"line":120,"column":null}},{"start":{},"end":{}}],"line":120},"32":{"loc":{"start":{"line":131,"column":2},"end":{"line":134,"column":null}},"type":"if","locations":[{"start":{"line":131,"column":2},"end":{"line":134,"column":null}},{"start":{},"end":{}}],"line":131},"33":{"loc":{"start":{"line":133,"column":68},"end":{"line":133,"column":84}},"type":"binary-expr","locations":[{"start":{"line":133,"column":68},"end":{"line":133,"column":75}},{"start":{"line":133,"column":75},"end":{"line":133,"column":84}}],"line":133},"34":{"loc":{"start":{"line":140,"column":4},"end":{"line":140,"column":null}},"type":"if","locations":[{"start":{"line":140,"column":4},"end":{"line":140,"column":null}},{"start":{},"end":{}}],"line":140},"35":{"loc":{"start":{"line":142,"column":4},"end":{"line":142,"column":null}},"type":"if","locations":[{"start":{"line":142,"column":4},"end":{"line":142,"column":null}},{"start":{},"end":{}}],"line":142},"36":{"loc":{"start":{"line":149,"column":2},"end":{"line":152,"column":null}},"type":"if","locations":[{"start":{"line":149,"column":2},"end":{"line":152,"column":null}},{"start":{},"end":{}}],"line":149},"37":{"loc":{"start":{"line":151,"column":68},"end":{"line":151,"column":84}},"type":"binary-expr","locations":[{"start":{"line":151,"column":68},"end":{"line":151,"column":75}},{"start":{"line":151,"column":75},"end":{"line":151,"column":84}}],"line":151}},"s":{"0":1,"1":1,"2":1,"3":1,"4":0,"5":1,"6":1,"7":2,"8":2,"9":0,"10":2,"11":2,"12":2,"13":0,"14":2,"15":2,"16":0,"17":2,"18":2,"19":2,"20":1,"21":1,"22":1,"23":1,"24":1,"25":4,"26":4,"27":0,"28":4,"29":4,"30":4,"31":0,"32":4,"33":4,"34":0,"35":4,"36":4,"37":4,"38":1,"39":4,"40":1,"41":4,"42":3,"43":1,"44":4,"45":4,"46":1,"47":1,"48":3,"49":3,"50":0,"51":0,"52":1,"53":2,"54":2,"55":0,"56":2,"57":2,"58":2,"59":0,"60":2,"61":2,"62":2,"63":2,"64":1,"65":1,"66":1,"67":2,"68":2,"69":0,"70":2,"71":2,"72":2,"73":0,"74":2,"75":2,"76":2,"77":2,"78":1,"79":1,"80":1,"81":1,"82":2,"83":2,"84":0,"85":2,"86":2,"87":2,"88":0,"89":2,"90":2,"91":2,"92":2,"93":1,"94":1,"95":1,"96":1,"97":2,"98":2,"99":0,"100":2,"101":2,"102":2,"103":0,"104":2,"105":2,"106":2,"107":2,"108":1,"109":1,"110":1},"f":{"0":1,"1":2,"2":2,"3":4,"4":4,"5":2,"6":2,"7":2,"8":2,"9":2,"10":2,"11":2,"12":2},"b":{"0":[1,0],"1":[1,0],"2":[1,0,0,0],"3":[0,1],"4":[1,0],"5":[0,2],"6":[2,0],"7":[0,2],"8":[2,0],"9":[1,1],"10":[1,0],"11":[4],"12":[0,4],"13":[4,0],"14":[0,4],"15":[1,3],"16":[4,1],"17":[1,3],"18":[4,1],"19":[3,1],"20":[1,3],"21":[1,0],"22":[0,0],"23":[0,2],"24":[2,0],"25":[1,1],"26":[0,2],"27":[2,0],"28":[1,1],"29":[1,0],"30":[0,2],"31":[2,0],"32":[1,1],"33":[1,0],"34":[0,2],"35":[2,0],"36":[1,1],"37":[1,0]},"meta":{"lastBranch":38,"lastFunction":13,"lastStatement":111,"seen":{"s:4:29:10:Infinity":0,"f:4:29:4:Infinity":0,"s:5:8:5:Infinity":1,"b:5:15:5:93:5:93:5:Infinity":0,"b:5:53:5:79:5:79:5:93":1,"s:6:14:6:Infinity":2,"b:6:14:6:35:6:35:6:51:6:51:6:75:6:75:6:Infinity":2,"b:7:2:7:Infinity:undefined:undefined:undefined:undefined":3,"s:7:2:7:Infinity":3,"s:7:12:7:Infinity":4,"s:9:2:9:Infinity":5,"b:9:29:9:48:9:48:9:Infinity":4,"s:12:44:38:Infinity":6,"f:12:44:12:51":1,"s:14:19:19:Infinity":7,"f:14:19:14:20":2,"b:15:4:15:Infinity:undefined:undefined:undefined:undefined":5,"s:15:4:15:Infinity":8,"s:15:17:15:Infinity":9,"s:16:17:16:Infinity":10,"b:17:4:17:Infinity:undefined:undefined:undefined:undefined":6,"s:17:4:17:Infinity":11,"s:17:31:17:Infinity":12,"s:18:4:18:Infinity":13,"s:21:14:21:Infinity":14,"b:22:2:22:Infinity:undefined:undefined:undefined:undefined":7,"s:22:2:22:Infinity":15,"s:22:15:22:Infinity":16,"s:23:2:23:Infinity":17,"b:23:171:23:179:23:179:23:189":8,"s:25:14:29:Infinity":18,"b:31:2:34:Infinity:undefined:undefined:undefined:undefined":9,"s:31:2:34:Infinity":19,"s:32:16:32:Infinity":20,"s:33:4:33:Infinity":21,"b:33:20:33:27:33:27:33:51":10,"s:36:17:36:Infinity":22,"s:37:2:37:Infinity":23,"s:40:30:76:Infinity":24,"f:40:30:40:37":3,"b:40:109:40:118":11,"s:41:19:46:Infinity":25,"f:41:19:41:20":4,"b:42:4:42:Infinity:undefined:undefined:undefined:undefined":12,"s:42:4:42:Infinity":26,"s:42:17:42:Infinity":27,"s:43:17:43:Infinity":28,"b:44:4:44:Infinity:undefined:undefined:undefined:undefined":13,"s:44:4:44:Infinity":29,"s:44:31:44:Infinity":30,"s:45:4:45:Infinity":31,"s:48:14:48:Infinity":32,"b:49:2:49:Infinity:undefined:undefined:undefined:undefined":14,"s:49:2:49:Infinity":33,"s:49:15:49:Infinity":34,"s:50:2:50:Infinity":35,"s:52:27:52:Infinity":36,"b:53:2:53:Infinity:undefined:undefined:undefined:undefined":15,"s:53:2:53:Infinity":37,"b:53:6:53:17:53:17:53:37":16,"s:53:37:53:Infinity":38,"b:54:2:54:Infinity:undefined:undefined:undefined:undefined":17,"s:54:2:54:Infinity":39,"b:54:6:54:15:54:15:54:33":18,"s:54:33:54:Infinity":40,"b:55:2:56:Infinity:56:7:56:Infinity":19,"s:55:2:56:Infinity":41,"s:55:42:55:Infinity":42,"s:56:7:56:Infinity":43,"s:58:14:62:Infinity":44,"b:64:2:68:Infinity:undefined:undefined:undefined:undefined":20,"s:64:2:68:Infinity":45,"s:65:16:65:Infinity":46,"s:67:4:67:Infinity":47,"b:67:55:67:62:67:62:67:84":21,"s:70:2:75:Infinity":48,"s:71:4:71:Infinity":49,"s:73:16:73:Infinity":50,"s:74:4:74:Infinity":51,"b:74:62:74:69:74:69:74:78":22,"s:79:31:92:Infinity":52,"f:79:31:79:59":5,"s:80:19:85:Infinity":53,"f:80:19:80:20":6,"b:81:4:81:Infinity:undefined:undefined:undefined:undefined":23,"s:81:4:81:Infinity":54,"s:81:17:81:Infinity":55,"s:82:17:82:Infinity":56,"b:83:4:83:Infinity:undefined:undefined:undefined:undefined":24,"s:83:4:83:Infinity":57,"s:83:31:83:Infinity":58,"s:84:4:84:Infinity":59,"s:87:14:87:Infinity":60,"s:88:2:88:Infinity":61,"s:89:14:89:Infinity":62,"b:90:2:90:Infinity:undefined:undefined:undefined:undefined":25,"s:90:2:90:Infinity":63,"s:90:15:90:Infinity":64,"s:91:2:91:Infinity":65,"s:94:32:114:Infinity":66,"f:94:32:94:39":7,"s:95:19:100:Infinity":67,"f:95:19:95:20":8,"b:96:4:96:Infinity:undefined:undefined:undefined:undefined":26,"s:96:4:96:Infinity":68,"s:96:17:96:Infinity":69,"s:97:17:97:Infinity":70,"b:98:4:98:Infinity:undefined:undefined:undefined:undefined":27,"s:98:4:98:Infinity":71,"s:98:31:98:Infinity":72,"s:99:4:99:Infinity":73,"s:102:14:102:Infinity":74,"s:103:2:103:Infinity":75,"s:104:14:108:Infinity":76,"b:109:2:112:Infinity:undefined:undefined:undefined:undefined":28,"s:109:2:112:Infinity":77,"s:110:16:110:Infinity":78,"s:111:4:111:Infinity":79,"b:111:68:111:75:111:75:111:84":29,"s:113:2:113:Infinity":80,"s:116:32:136:Infinity":81,"f:116:32:116:39":9,"s:117:19:122:Infinity":82,"f:117:19:117:20":10,"b:118:4:118:Infinity:undefined:undefined:undefined:undefined":30,"s:118:4:118:Infinity":83,"s:118:17:118:Infinity":84,"s:119:17:119:Infinity":85,"b:120:4:120:Infinity:undefined:undefined:undefined:undefined":31,"s:120:4:120:Infinity":86,"s:120:31:120:Infinity":87,"s:121:4:121:Infinity":88,"s:124:14:124:Infinity":89,"s:125:2:125:Infinity":90,"s:126:14:130:Infinity":91,"b:131:2:134:Infinity:undefined:undefined:undefined:undefined":32,"s:131:2:134:Infinity":92,"s:132:16:132:Infinity":93,"s:133:4:133:Infinity":94,"b:133:68:133:75:133:75:133:84":33,"s:135:2:135:Infinity":95,"s:138:32:154:Infinity":96,"f:138:32:138:39":11,"s:139:19:144:Infinity":97,"f:139:19:139:20":12,"b:140:4:140:Infinity:undefined:undefined:undefined:undefined":34,"s:140:4:140:Infinity":98,"s:140:17:140:Infinity":99,"s:141:17:141:Infinity":100,"b:142:4:142:Infinity:undefined:undefined:undefined:undefined":35,"s:142:4:142:Infinity":101,"s:142:31:142:Infinity":102,"s:143:4:143:Infinity":103,"s:146:14:146:Infinity":104,"s:147:2:147:Infinity":105,"s:148:14:148:Infinity":106,"b:149:2:152:Infinity:undefined:undefined:undefined:undefined":36,"s:149:2:152:Infinity":107,"s:150:16:150:Infinity":108,"s:151:4:151:Infinity":109,"b:151:68:151:75:151:75:151:84":37,"s:153:2:153:Infinity":110}}}
,"C:\\projects\\report-generator\\web\\services\\reportService.ts": {"path":"C:\\projects\\report-generator\\web\\services\\reportService.ts","statementMap":{"0":{"start":{"line":4,"column":29},"end":{"line":10,"column":null}},"1":{"start":{"line":5,"column":8},"end":{"line":5,"column":null}},"2":{"start":{"line":6,"column":14},"end":{"line":6,"column":null}},"3":{"start":{"line":7,"column":2},"end":{"line":7,"column":null}},"4":{"start":{"line":7,"column":12},"end":{"line":7,"column":null}},"5":{"start":{"line":9,"column":2},"end":{"line":9,"column":null}},"6":{"start":{"line":13,"column":17},"end":{"line":18,"column":null}},"7":{"start":{"line":14,"column":2},"end":{"line":14,"column":null}},"8":{"start":{"line":14,"column":15},"end":{"line":14,"column":null}},"9":{"start":{"line":15,"column":15},"end":{"line":15,"column":null}},"10":{"start":{"line":16,"column":2},"end":{"line":16,"column":null}},"11":{"start":{"line":16,"column":29},"end":{"line":16,"column":null}},"12":{"start":{"line":17,"column":2},"end":{"line":17,"column":null}},"13":{"start":{"line":21,"column":27},"end":{"line":27,"column":null}},"14":{"start":{"line":22,"column":14},"end":{"line":22,"column":null}},"15":{"start":{"line":23,"column":2},"end":{"line":23,"column":null}},"16":{"start":{"line":24,"column":14},"end":{"line":24,"column":null}},"17":{"start":{"line":25,"column":2},"end":{"line":25,"column":null}},"18":{"start":{"line":25,"column":15},"end":{"line":25,"column":null}},"19":{"start":{"line":26,"column":2},"end":{"line":26,"column":null}},"20":{"start":{"line":30,"column":25},"end":{"line":36,"column":null}},"21":{"start":{"line":31,"column":14},"end":{"line":31,"column":null}},"22":{"start":{"line":32,"column":2},"end":{"line":32,"column":null}},"23":{"start":{"line":33,"column":14},"end":{"line":33,"column":null}},"24":{"start":{"line":34,"column":2},"end":{"line":34,"column":null}},"25":{"start":{"line":34,"column":15},"end":{"line":34,"column":null}},"26":{"start":{"line":35,"column":2},"end":{"line":35,"column":null}},"27":{"start":{"line":39,"column":28},"end":{"line":52,"column":null}},"28":{"start":{"line":40,"column":14},"end":{"line":40,"column":null}},"29":{"start":{"line":41,"column":2},"end":{"line":41,"column":null}},"30":{"start":{"line":42,"column":14},"end":{"line":46,"column":null}},"31":{"start":{"line":47,"column":2},"end":{"line":50,"column":null}},"32":{"start":{"line":48,"column":16},"end":{"line":48,"column":null}},"33":{"start":{"line":49,"column":4},"end":{"line":49,"column":null}},"34":{"start":{"line":51,"column":2},"end":{"line":51,"column":null}},"35":{"start":{"line":55,"column":28},"end":{"line":68,"column":null}},"36":{"start":{"line":56,"column":14},"end":{"line":56,"column":null}},"37":{"start":{"line":57,"column":2},"end":{"line":57,"column":null}},"38":{"start":{"line":58,"column":14},"end":{"line":62,"column":null}},"39":{"start":{"line":63,"column":2},"end":{"line":66,"column":null}},"40":{"start":{"line":64,"column":16},"end":{"line":64,"column":null}},"41":{"start":{"line":65,"column":4},"end":{"line":65,"column":null}},"42":{"start":{"line":67,"column":2},"end":{"line":67,"column":null}},"43":{"start":{"line":71,"column":28},"end":{"line":80,"column":null}},"44":{"start":{"line":72,"column":14},"end":{"line":72,"column":null}},"45":{"start":{"line":73,"column":2},"end":{"line":73,"column":null}},"46":{"start":{"line":74,"column":14},"end":{"line":74,"column":null}},"47":{"start":{"line":75,"column":2},"end":{"line":78,"column":null}},"48":{"start":{"line":76,"column":16},"end":{"line":76,"column":null}},"49":{"start":{"line":77,"column":4},"end":{"line":77,"column":null}},"50":{"start":{"line":79,"column":2},"end":{"line":79,"column":null}}},"fnMap":{"0":{"name":"(anonymous_0)","decl":{"start":{"line":4,"column":29},"end":{"line":4,"column":null}},"loc":{"start":{"line":4,"column":29},"end":{"line":10,"column":3}},"line":4},"1":{"name":"(anonymous_1)","decl":{"start":{"line":13,"column":17},"end":{"line":13,"column":18}},"loc":{"start":{"line":13,"column":35},"end":{"line":18,"column":null}},"line":13},"2":{"name":"(anonymous_2)","decl":{"start":{"line":21,"column":27},"end":{"line":21,"column":64}},"loc":{"start":{"line":21,"column":64},"end":{"line":27,"column":null}},"line":21},"3":{"name":"(anonymous_3)","decl":{"start":{"line":30,"column":25},"end":{"line":30,"column":32}},"loc":{"start":{"line":30,"column":70},"end":{"line":36,"column":null}},"line":30},"4":{"name":"(anonymous_4)","decl":{"start":{"line":39,"column":28},"end":{"line":39,"column":35}},"loc":{"start":{"line":39,"column":84},"end":{"line":52,"column":null}},"line":39},"5":{"name":"(anonymous_5)","decl":{"start":{"line":55,"column":28},"end":{"line":55,"column":35}},"loc":{"start":{"line":55,"column":96},"end":{"line":68,"column":null}},"line":55},"6":{"name":"(anonymous_6)","decl":{"start":{"line":71,"column":28},"end":{"line":71,"column":35}},"loc":{"start":{"line":71,"column":65},"end":{"line":80,"column":null}},"line":71}},"branchMap":{"0":{"loc":{"start":{"line":5,"column":8},"end":{"line":5,"column":null}},"type":"binary-expr","locations":[{"start":{"line":5,"column":15},"end":{"line":5,"column":93}},{"start":{"line":5,"column":93},"end":{"line":5,"column":null}}],"line":5},"1":{"loc":{"start":{"line":5,"column":15},"end":{"line":5,"column":93}},"type":"cond-expr","locations":[{"start":{"line":5,"column":53},"end":{"line":5,"column":79}},{"start":{"line":5,"column":79},"end":{"line":5,"column":93}}],"line":5},"2":{"loc":{"start":{"line":6,"column":14},"end":{"line":6,"column":null}},"type":"binary-expr","locations":[{"start":{"line":6,"column":14},"end":{"line":6,"column":35}},{"start":{"line":6,"column":35},"end":{"line":6,"column":51}},{"start":{"line":6,"column":51},"end":{"line":6,"column":75}},{"start":{"line":6,"column":75},"end":{"line":6,"column":null}}],"line":6},"3":{"loc":{"start":{"line":7,"column":2},"end":{"line":7,"column":null}},"type":"if","locations":[{"start":{"line":7,"column":2},"end":{"line":7,"column":null}},{"start":{},"end":{}}],"line":7},"4":{"loc":{"start":{"line":9,"column":9},"end":{"line":9,"column":null}},"type":"cond-expr","locations":[{"start":{"line":9,"column":29},"end":{"line":9,"column":48}},{"start":{"line":9,"column":48},"end":{"line":9,"column":null}}],"line":9},"5":{"loc":{"start":{"line":14,"column":2},"end":{"line":14,"column":null}},"type":"if","locations":[{"start":{"line":14,"column":2},"end":{"line":14,"column":null}},{"start":{},"end":{}}],"line":14},"6":{"loc":{"start":{"line":16,"column":2},"end":{"line":16,"column":null}},"type":"if","locations":[{"start":{"line":16,"column":2},"end":{"line":16,"column":null}},{"start":{},"end":{}}],"line":16},"7":{"loc":{"start":{"line":25,"column":2},"end":{"line":25,"column":null}},"type":"if","locations":[{"start":{"line":25,"column":2},"end":{"line":25,"column":null}},{"start":{},"end":{}}],"line":25},"8":{"loc":{"start":{"line":34,"column":2},"end":{"line":34,"column":null}},"type":"if","locations":[{"start":{"line":34,"column":2},"end":{"line":34,"column":null}},{"start":{},"end":{}}],"line":34},"9":{"loc":{"start":{"line":47,"column":2},"end":{"line":50,"column":null}},"type":"if","locations":[{"start":{"line":47,"column":2},"end":{"line":50,"column":null}},{"start":{},"end":{}}],"line":47},"10":{"loc":{"start":{"line":49,"column":64},"end":{"line":49,"column":80}},"type":"binary-expr","locations":[{"start":{"line":49,"column":64},"end":{"line":49,"column":71}},{"start":{"line":49,"column":71},"end":{"line":49,"column":80}}],"line":49},"11":{"loc":{"start":{"line":63,"column":2},"end":{"line":66,"column":null}},"type":"if","locations":[{"start":{"line":63,"column":2},"end":{"line":66,"column":null}},{"start":{},"end":{}}],"line":63},"12":{"loc":{"start":{"line":65,"column":64},"end":{"line":65,"column":80}},"type":"binary-expr","locations":[{"start":{"line":65,"column":64},"end":{"line":65,"column":71}},{"start":{"line":65,"column":71},"end":{"line":65,"column":80}}],"line":65},"13":{"loc":{"start":{"line":75,"column":2},"end":{"line":78,"column":null}},"type":"if","locations":[{"start":{"line":75,"column":2},"end":{"line":78,"column":null}},{"start":{},"end":{}}],"line":75},"14":{"loc":{"start":{"line":77,"column":64},"end":{"line":77,"column":80}},"type":"binary-expr","locations":[{"start":{"line":77,"column":64},"end":{"line":77,"column":71}},{"start":{"line":77,"column":71},"end":{"line":77,"column":80}}],"line":77}},"s":{"0":1,"1":1,"2":1,"3":1,"4":0,"5":1,"6":1,"7":10,"8":0,"9":10,"10":10,"11":10,"12":0,"13":1,"14":2,"15":2,"16":2,"17":2,"18":1,"19":1,"20":1,"21":2,"22":2,"23":2,"24":2,"25":1,"26":1,"27":1,"28":2,"29":2,"30":2,"31":2,"32":1,"33":1,"34":1,"35":1,"36":2,"37":2,"38":2,"39":2,"40":1,"41":1,"42":1,"43":1,"44":2,"45":2,"46":2,"47":2,"48":1,"49":1,"50":1},"f":{"0":1,"1":10,"2":2,"3":2,"4":2,"5":2,"6":2},"b":{"0":[1,0],"1":[1,0],"2":[1,0,0,0],"3":[0,1],"4":[1,0],"5":[0,10],"6":[10,0],"7":[1,1],"8":[1,1],"9":[1,1],"10":[1,0],"11":[1,1],"12":[1,0],"13":[1,1],"14":[1,0]},"meta":{"lastBranch":15,"lastFunction":7,"lastStatement":51,"seen":{"s:4:29:10:Infinity":0,"f:4:29:4:Infinity":0,"s:5:8:5:Infinity":1,"b:5:15:5:93:5:93:5:Infinity":0,"b:5:53:5:79:5:79:5:93":1,"s:6:14:6:Infinity":2,"b:6:14:6:35:6:35:6:51:6:51:6:75:6:75:6:Infinity":2,"b:7:2:7:Infinity:undefined:undefined:undefined:undefined":3,"s:7:2:7:Infinity":3,"s:7:12:7:Infinity":4,"s:9:2:9:Infinity":5,"b:9:29:9:48:9:48:9:Infinity":4,"s:13:17:18:Infinity":6,"f:13:17:13:18":1,"b:14:2:14:Infinity:undefined:undefined:undefined:undefined":5,"s:14:2:14:Infinity":7,"s:14:15:14:Infinity":8,"s:15:15:15:Infinity":9,"b:16:2:16:Infinity:undefined:undefined:undefined:undefined":6,"s:16:2:16:Infinity":10,"s:16:29:16:Infinity":11,"s:17:2:17:Infinity":12,"s:21:27:27:Infinity":13,"f:21:27:21:64":2,"s:22:14:22:Infinity":14,"s:23:2:23:Infinity":15,"s:24:14:24:Infinity":16,"b:25:2:25:Infinity:undefined:undefined:undefined:undefined":7,"s:25:2:25:Infinity":17,"s:25:15:25:Infinity":18,"s:26:2:26:Infinity":19,"s:30:25:36:Infinity":20,"f:30:25:30:32":3,"s:31:14:31:Infinity":21,"s:32:2:32:Infinity":22,"s:33:14:33:Infinity":23,"b:34:2:34:Infinity:undefined:undefined:undefined:undefined":8,"s:34:2:34:Infinity":24,"s:34:15:34:Infinity":25,"s:35:2:35:Infinity":26,"s:39:28:52:Infinity":27,"f:39:28:39:35":4,"s:40:14:40:Infinity":28,"s:41:2:41:Infinity":29,"s:42:14:46:Infinity":30,"b:47:2:50:Infinity:undefined:undefined:undefined:undefined":9,"s:47:2:50:Infinity":31,"s:48:16:48:Infinity":32,"s:49:4:49:Infinity":33,"b:49:64:49:71:49:71:49:80":10,"s:51:2:51:Infinity":34,"s:55:28:68:Infinity":35,"f:55:28:55:35":5,"s:56:14:56:Infinity":36,"s:57:2:57:Infinity":37,"s:58:14:62:Infinity":38,"b:63:2:66:Infinity:undefined:undefined:undefined:undefined":11,"s:63:2:66:Infinity":39,"s:64:16:64:Infinity":40,"s:65:4:65:Infinity":41,"b:65:64:65:71:65:71:65:80":12,"s:67:2:67:Infinity":42,"s:71:28:80:Infinity":43,"f:71:28:71:35":6,"s:72:14:72:Infinity":44,"s:73:2:73:Infinity":45,"s:74:14:74:Infinity":46,"b:75:2:78:Infinity:undefined:undefined:undefined:undefined":13,"s:75:2:78:Infinity":47,"s:76:16:76:Infinity":48,"s:77:4:77:Infinity":49,"b:77:64:77:71:77:71:77:80":14,"s:79:2:79:Infinity":50}}}
}
